{"numTotalTestSuites":443,"numPassedTestSuites":443,"numFailedTestSuites":0,"numPendingTestSuites":0,"numTotalTests":1039,"numPassedTests":1039,"numFailedTests":0,"numPendingTests":0,"numTodoTests":0,"snapshot":{"added":0,"failure":false,"filesAdded":0,"filesRemoved":0,"filesRemovedList":[],"filesUnmatched":0,"filesUpdated":0,"matched":0,"total":0,"unchecked":0,"uncheckedKeysByFile":[],"unmatched":0,"updated":0,"didUpdate":false},"startTime":1784100231490,"success":true,"testResults":[{"assertionResults":[{"ancestorTitles":["DarkModeToggle"],"fullName":"DarkModeToggle renders correctly","status":"passed","title":"renders correctly","duration":45.197299999999814,"failureMessages":[],"meta":{},"tags":[]},{"ancestorTitles":["DarkModeToggle"],"fullName":"DarkModeToggle displays correct text based on dark mode state","status":"passed","title":"displays correct text based on dark mode state","duration":18.08640000000014,"failureMessages":[],"meta":{},"tags":[]},{"ancestorTitles":["DarkModeToggle"],"fullName":"DarkModeToggle calls toggleDark when clicked","status":"passed","title":"calls toggleDark when clicked","duration":9.884500000000116,"failureMessages":[],"meta":{},"tags":[]},{"ancestorTitles":["DarkModeToggle"],"fullName":"DarkModeToggle hides text when compact prop is true","status":"passed","title":"hides text when compact prop is true","duration":5.835899999998219,"failureMessages":[],"meta":{},"tags":[]},{"ancestorTitles":["DarkModeToggle"],"fullName":"DarkModeToggle shows text when compact prop is false","status":"passed","title":"shows text when compact prop is false","duration":5.163000000000466,"failureMessages":[],"meta":{},"tags":[]},{"ancestorTitles":["DarkModeToggle"],"fullName":"DarkModeToggle has correct title attribute","status":"passed","title":"has correct title attribute","duration":5.448100000001432,"failureMessages":[],"meta":{},"tags":[]},{"ancestorTitles":["DarkModeToggle"],"fullName":"DarkModeToggle applies correct CSS classes","status":"passed","title":"applies correct CSS classes","duration":5.960800000000745,"failureMessages":[],"meta":{},"tags":[]}],"startTime":1784100260743,"endTime":1784100260838.9607,"status":"passed","message":"","name":"D:/CodeDemo/AssetManagementProgram/vue-assetmanagement/src/components/DarkModeToggle.spec.ts"},{"assertionResults":[{"ancestorTitles":["assetAPI"],"fullName":"assetAPI getAssets calls GET /assets/assets/","status":"passed","title":"getAssets calls GET /assets/assets/","duration":58.10320000000138,"failureMessages":[],"meta":{},"tags":[]},{"ancestorTitles":["assetAPI"],"fullName":"assetAPI createAsset calls POST /assets/assets/","status":"passed","title":"createAsset calls POST /assets/assets/","duration":1.3161000000000058,"failureMessages":[],"meta":{},"tags":[]},{"ancestorTitles":["assetAPI"],"fullName":"assetAPI getAssetByCode calls GET /assets/assets/{code}/","status":"passed","title":"getAssetByCode calls GET /assets/assets/{code}/","duration":5.471899999996822,"failureMessages":[],"meta":{},"tags":[]},{"ancestorTitles":["assetAPI"],"fullName":"assetAPI updateAsset calls PUT /assets/assets/{code}/","status":"passed","title":"updateAsset calls PUT /assets/assets/{code}/","duration":8.02900000000227,"failureMessages":[],"meta":{},"tags":[]},{"ancestorTitles":["assetAPI"],"fullName":"assetAPI updateAsset throws when asset_code is missing","status":"passed","title":"updateAsset throws when asset_code is missing","duration":13.23489999999947,"failureMessages":[],"meta":{},"tags":[]},{"ancestorTitles":["assetAPI"],"fullName":"assetAPI deleteAsset calls DELETE /assets/assets/{code}/","status":"passed","title":"deleteAsset calls DELETE /assets/assets/{code}/","duration":3.4038000000000466,"failureMessages":[],"meta":{},"tags":[]},{"ancestorTitles":["assetAPI"],"fullName":"assetAPI getAssetByName calls GET /assets/assets/getassetbyname/{name}/","status":"passed","title":"getAssetByName calls GET /assets/assets/getassetbyname/{name}/","duration":6.380699999997887,"failureMessages":[],"meta":{},"tags":[]},{"ancestorTitles":["assetAPI"],"fullName":"assetAPI searchAvailableAssets calls GET /assets/assets/search_available/","status":"passed","title":"searchAvailableAssets calls GET /assets/assets/search_available/","duration":5.510900000001129,"failureMessages":[],"meta":{},"tags":[]},{"ancestorTitles":["assetAPI"],"fullName":"assetAPI searchAssets calls GET /assets/assets/search/","status":"passed","title":"searchAssets calls GET /assets/assets/search/","duration":0.9994999999980791,"failureMessages":[],"meta":{},"tags":[]},{"ancestorTitles":["assetAPI"],"fullName":"assetAPI combineSearch calls GET /assets/assets/combine_search/","status":"passed","title":"combineSearch calls GET /assets/assets/combine_search/","duration":3.9870000000009895,"failureMessages":[],"meta":{},"tags":[]},{"ancestorTitles":["assetAPI"],"fullName":"assetAPI getContractByAssetCode calls GET /assets/assets/contract_by_asset/{code}/","status":"passed","title":"getContractByAssetCode calls GET /assets/assets/contract_by_asset/{code}/","duration":1.5398999999997613,"failureMessages":[],"meta":{},"tags":[]},{"ancestorTitles":["assetAPI"],"fullName":"assetAPI changeAssetStatus calls POST /assets/assets/{code}/change_status/","status":"passed","title":"changeAssetStatus calls POST /assets/assets/{code}/change_status/","duration":2.8924000000006345,"failureMessages":[],"meta":{},"tags":[]},{"ancestorTitles":["assetAPI"],"fullName":"assetAPI markAssetAsBroken calls POST /assets/assets/{code}/mark-broken/","status":"passed","title":"markAssetAsBroken calls POST /assets/assets/{code}/mark-broken/","duration":2.420799999999872,"failureMessages":[],"meta":{},"tags":[]},{"ancestorTitles":["assetAPI"],"fullName":"assetAPI getCombinedDetails calls GET /assets/assets/combined_details/","status":"passed","title":"getCombinedDetails calls GET /assets/assets/combined_details/","duration":3.0885999999991327,"failureMessages":[],"meta":{},"tags":[]},{"ancestorTitles":["assetAPI"],"fullName":"assetAPI getAssetStatistics calls GET /assets/assets/statistics/","status":"passed","title":"getAssetStatistics calls GET /assets/assets/statistics/","duration":5.232100000001083,"failureMessages":[],"meta":{},"tags":[]},{"ancestorTitles":["assetAPI"],"fullName":"assetAPI getAssetHistory calls GET /assets/assets/{code}/history/","status":"passed","title":"getAssetHistory calls GET /assets/assets/{code}/history/","duration":1.6002000000007683,"failureMessages":[],"meta":{},"tags":[]},{"ancestorTitles":["assetAPI"],"fullName":"assetAPI getAssetTimeline calls GET /assets/assets/{code}/timeline/","status":"passed","title":"getAssetTimeline calls GET /assets/assets/{code}/timeline/","duration":6.044700000002194,"failureMessages":[],"meta":{},"tags":[]},{"ancestorTitles":["assetAPI"],"fullName":"assetAPI batchDeleteAssets calls POST /assets/assets/batch-delete/","status":"passed","title":"batchDeleteAssets calls POST /assets/assets/batch-delete/","duration":2.1283000000003085,"failureMessages":[],"meta":{},"tags":[]},{"ancestorTitles":["assetAPI"],"fullName":"assetAPI batchCreateAssets calls POST /assets/assets/batch-create/","status":"passed","title":"batchCreateAssets calls POST /assets/assets/batch-create/","duration":8.01929999999993,"failureMessages":[],"meta":{},"tags":[]}],"startTime":1784100330363,"endTime":1784100330505.0193,"status":"passed","message":"","name":"D:/CodeDemo/AssetManagementProgram/vue-assetmanagement/src/api/__tests__/asset.spec.ts"},{"assertionResults":[{"ancestorTitles":["assetTypeAPI"],"fullName":"assetTypeAPI getAssetTypes calls GET /assets/asset-types/","status":"passed","title":"getAssetTypes calls GET /assets/asset-types/","duration":21.50340000000142,"failureMessages":[],"meta":{},"tags":[]},{"ancestorTitles":["assetTypeAPI"],"fullName":"assetTypeAPI getAssetTypeByRecordcode calls GET /assets/asset-types/{code}/","status":"passed","title":"getAssetTypeByRecordcode calls GET /assets/asset-types/{code}/","duration":1.9817000000002736,"failureMessages":[],"meta":{},"tags":[]},{"ancestorTitles":["assetTypeAPI"],"fullName":"assetTypeAPI createAssetType calls POST /assets/asset-types/","status":"passed","title":"createAssetType calls POST /assets/asset-types/","duration":1.294499999999971,"failureMessages":[],"meta":{},"tags":[]},{"ancestorTitles":["assetTypeAPI"],"fullName":"assetTypeAPI updateAssetType calls PUT /assets/asset-types/{code}/","status":"passed","title":"updateAssetType calls PUT /assets/asset-types/{code}/","duration":0.9290999999975611,"failureMessages":[],"meta":{},"tags":[]},{"ancestorTitles":["assetTypeAPI"],"fullName":"assetTypeAPI updateAssetType throws when recordcode is missing","status":"passed","title":"updateAssetType throws when recordcode is missing","duration":6.803800000001502,"failureMessages":[],"meta":{},"tags":[]},{"ancestorTitles":["assetTypeAPI"],"fullName":"assetTypeAPI partialUpdateAssetType calls PATCH /assets/asset-types/{code}/","status":"passed","title":"partialUpdateAssetType calls PATCH /assets/asset-types/{code}/","duration":0.9987999999975727,"failureMessages":[],"meta":{},"tags":[]},{"ancestorTitles":["assetTypeAPI"],"fullName":"assetTypeAPI deleteAssetType calls DELETE /assets/asset-types/{code}/","status":"passed","title":"deleteAssetType calls DELETE /assets/asset-types/{code}/","duration":0.5940000000009604,"failureMessages":[],"meta":{},"tags":[]},{"ancestorTitles":["assetTypeAPI"],"fullName":"assetTypeAPI batchDeleteAssetTypes calls POST /assets/asset-types/batch-delete/","status":"passed","title":"batchDeleteAssetTypes calls POST /assets/asset-types/batch-delete/","duration":1.441899999997986,"failureMessages":[],"meta":{},"tags":[]},{"ancestorTitles":["assetTypeAPI"],"fullName":"assetTypeAPI batchCreateAssetTypes calls POST /assets/asset-types/batch-create/","status":"passed","title":"batchCreateAssetTypes calls POST /assets/asset-types/batch-create/","duration":0.7452999999986787,"failureMessages":[],"meta":{},"tags":[]}],"startTime":1784100292160,"endTime":1784100292196.7454,"status":"passed","message":"","name":"D:/CodeDemo/AssetManagementProgram/vue-assetmanagement/src/api/__tests__/assetType.spec.ts"},{"assertionResults":[{"ancestorTitles":["auditLogAPI"],"fullName":"auditLogAPI getAuditLogs calls GET /audit-logs/","status":"passed","title":"getAuditLogs calls GET /audit-logs/","duration":12.608400000000984,"failureMessages":[],"meta":{},"tags":[]},{"ancestorTitles":["auditLogAPI"],"fullName":"auditLogAPI getAuditLogDetail calls GET /audit-logs/{pk}/","status":"passed","title":"getAuditLogDetail calls GET /audit-logs/{pk}/","duration":1.2097999999987223,"failureMessages":[],"meta":{},"tags":[]},{"ancestorTitles":["auditLogAPI"],"fullName":"auditLogAPI getAuditLogByLoggingId calls GET /audit-logs/by-logging-id/{id}/","status":"passed","title":"getAuditLogByLoggingId calls GET /audit-logs/by-logging-id/{id}/","duration":0.6168999999990774,"failureMessages":[],"meta":{},"tags":[]},{"ancestorTitles":["auditLogAPI"],"fullName":"auditLogAPI getRecentAuditLogs calls GET /audit-logs/recent/","status":"passed","title":"getRecentAuditLogs calls GET /audit-logs/recent/","duration":1.2692000000006374,"failureMessages":[],"meta":{},"tags":[]},{"ancestorTitles":["auditLogAPI"],"fullName":"auditLogAPI getRecentAuditLogs defaults days to 7","status":"passed","title":"getRecentAuditLogs defaults days to 7","duration":0.574800000000323,"failureMessages":[],"meta":{},"tags":[]},{"ancestorTitles":["auditLogAPI"],"fullName":"auditLogAPI getAuditLogsByApp calls GET /audit-logs/by-app/{app}/","status":"passed","title":"getAuditLogsByApp calls GET /audit-logs/by-app/{app}/","duration":0.6344000000008236,"failureMessages":[],"meta":{},"tags":[]},{"ancestorTitles":["auditLogAPI"],"fullName":"auditLogAPI getAuditLogsByOperator calls GET /audit-logs/by-operator/{jobcode}/","status":"passed","title":"getAuditLogsByOperator calls GET /audit-logs/by-operator/{jobcode}/","duration":0.6000000000003638,"failureMessages":[],"meta":{},"tags":[]}],"startTime":1784100334122,"endTime":1784100334139.6,"status":"passed","message":"","name":"D:/CodeDemo/AssetManagementProgram/vue-assetmanagement/src/api/__tests__/auditLog.spec.ts"},{"assertionResults":[{"ancestorTitles":["authAPI","login"],"fullName":"authAPI login calls POST /auth/login/ with credentials","status":"passed","title":"calls POST /auth/login/ with credentials","duration":31.06890000000203,"failureMessages":[],"meta":{},"tags":[]},{"ancestorTitles":["authAPI","login"],"fullName":"authAPI login throws when code is not 0","status":"passed","title":"throws when code is not 0","duration":20.19210000000021,"failureMessages":[],"meta":{},"tags":[]},{"ancestorTitles":["authAPI","logout"],"fullName":"authAPI logout calls POST /auth/logout/ with refresh token","status":"passed","title":"calls POST /auth/logout/ with refresh token","duration":4.941999999999098,"failureMessages":[],"meta":{},"tags":[]},{"ancestorTitles":["authAPI","verifyToken"],"fullName":"authAPI verifyToken calls POST /auth/token/verify/","status":"passed","title":"calls POST /auth/token/verify/","duration":1.1436999999968975,"failureMessages":[],"meta":{},"tags":[]},{"ancestorTitles":["authAPI","getCurrentUserProfile"],"fullName":"authAPI getCurrentUserProfile calls GET /auth/profile/","status":"passed","title":"calls GET /auth/profile/","duration":5.114599999997154,"failureMessages":[],"meta":{},"tags":[]},{"ancestorTitles":["authAPI","updateCurrentUserProfile"],"fullName":"authAPI updateCurrentUserProfile calls PUT /auth/profile/ with data","status":"passed","title":"calls PUT /auth/profile/ with data","duration":3.9946000000018103,"failureMessages":[],"meta":{},"tags":[]},{"ancestorTitles":["authAPI","register"],"fullName":"authAPI register calls POST /auth/register/ with data","status":"passed","title":"calls POST /auth/register/ with data","duration":1.043599999997241,"failureMessages":[],"meta":{},"tags":[]}],"startTime":1784100290099,"endTime":1784100290175.0437,"status":"passed","message":"","name":"D:/CodeDemo/AssetManagementProgram/vue-assetmanagement/src/api/__tests__/auth.spec.ts"},{"assertionResults":[{"ancestorTitles":["brokenAssetAPI"],"fullName":"brokenAssetAPI getBrokenAssets calls GET /assets/broken-assets/","status":"passed","title":"getBrokenAssets calls GET /assets/broken-assets/","duration":39.98179999999775,"failureMessages":[],"meta":{},"tags":[]},{"ancestorTitles":["brokenAssetAPI"],"fullName":"brokenAssetAPI getBrokenAssetByCode calls GET /assets/broken-assets/{code}/","status":"passed","title":"getBrokenAssetByCode calls GET /assets/broken-assets/{code}/","duration":2.960399999999936,"failureMessages":[],"meta":{},"tags":[]},{"ancestorTitles":["brokenAssetAPI"],"fullName":"brokenAssetAPI createBrokenAsset calls POST /assets/broken-assets/","status":"passed","title":"createBrokenAsset calls POST /assets/broken-assets/","duration":3.920799999999872,"failureMessages":[],"meta":{},"tags":[]},{"ancestorTitles":["brokenAssetAPI"],"fullName":"brokenAssetAPI updateBrokenAsset calls PUT /assets/broken-assets/{code}/","status":"passed","title":"updateBrokenAsset calls PUT /assets/broken-assets/{code}/","duration":0.7656999999999243,"failureMessages":[],"meta":{},"tags":[]},{"ancestorTitles":["brokenAssetAPI"],"fullName":"brokenAssetAPI updateBrokenAsset throws when recordcode is missing","status":"passed","title":"updateBrokenAsset throws when recordcode is missing","duration":10.345499999999447,"failureMessages":[],"meta":{},"tags":[]},{"ancestorTitles":["brokenAssetAPI"],"fullName":"brokenAssetAPI deleteBrokenAsset calls DELETE /assets/broken-assets/{code}/","status":"passed","title":"deleteBrokenAsset calls DELETE /assets/broken-assets/{code}/","duration":7.275799999999435,"failureMessages":[],"meta":{},"tags":[]},{"ancestorTitles":["brokenAssetAPI"],"fullName":"brokenAssetAPI batchDeleteBrokenAssets calls POST /assets/broken-assets/batch-delete/","status":"passed","title":"batchDeleteBrokenAssets calls POST /assets/broken-assets/batch-delete/","duration":1.6818999999995867,"failureMessages":[],"meta":{},"tags":[]},{"ancestorTitles":["brokenAssetAPI"],"fullName":"brokenAssetAPI batchCreateBrokenAssets calls POST /assets/broken-assets/batch-create/","status":"passed","title":"batchCreateBrokenAssets calls POST /assets/broken-assets/batch-create/","duration":8.151299999997718,"failureMessages":[],"meta":{},"tags":[]},{"ancestorTitles":["brokenAssetAPI"],"fullName":"brokenAssetAPI getBrokenAssetsByAsset calls GET /assets/broken-assets/by-asset/{code}/","status":"passed","title":"getBrokenAssetsByAsset calls GET /assets/broken-assets/by-asset/{code}/","duration":6.733800000001793,"failureMessages":[],"meta":{},"tags":[]}],"startTime":1784100311072,"endTime":1784100311154.734,"status":"passed","message":"","name":"D:/CodeDemo/AssetManagementProgram/vue-assetmanagement/src/api/__tests__/brokenAsset.spec.ts"},{"assertionResults":[{"ancestorTitles":["MemoryCache"],"fullName":"MemoryCache stores and retrieves a value","status":"passed","title":"stores and retrieves a value","duration":21.583699999999226,"failureMessages":[],"meta":{},"tags":[]},{"ancestorTitles":["MemoryCache"],"fullName":"MemoryCache returns undefined for missing key","status":"passed","title":"returns undefined for missing key","duration":3.0160999999970954,"failureMessages":[],"meta":{},"tags":[]},{"ancestorTitles":["MemoryCache"],"fullName":"MemoryCache returns undefined for expired entry","status":"passed","title":"returns undefined for expired entry","duration":2.3685000000004948,"failureMessages":[],"meta":{},"tags":[]},{"ancestorTitles":["MemoryCache"],"fullName":"MemoryCache clears all entries","status":"passed","title":"clears all entries","duration":1.3479999999981374,"failureMessages":[],"meta":{},"tags":[]},{"ancestorTitles":["MemoryCache"],"fullName":"MemoryCache clears expired entries","status":"passed","title":"clears expired entries","duration":2.788199999999051,"failureMessages":[],"meta":{},"tags":[]},{"ancestorTitles":["MemoryCache"],"fullName":"MemoryCache clears by URL pattern","status":"passed","title":"clears by URL pattern","duration":2.6093000000000757,"failureMessages":[],"meta":{},"tags":[]},{"ancestorTitles":["MemoryCache"],"fullName":"MemoryCache evicts oldest entry when maxSize is reached","status":"passed","title":"evicts oldest entry when maxSize is reached","duration":2.014500000001135,"failureMessages":[],"meta":{},"tags":[]},{"ancestorTitles":["MemoryCache"],"fullName":"MemoryCache uses default TTL of 5 minutes","status":"passed","title":"uses default TTL of 5 minutes","duration":2.6625999999996566,"failureMessages":[],"meta":{},"tags":[]}],"startTime":1784100291930,"endTime":1784100291969.6626,"status":"passed","message":"","name":"D:/CodeDemo/AssetManagementProgram/vue-assetmanagement/src/api/__tests__/cache.spec.ts"},{"assertionResults":[{"ancestorTitles":["contractAPI"],"fullName":"contractAPI getContracts calls GET /assets/contracts/","status":"passed","title":"getContracts calls GET /assets/contracts/","duration":24.924299999998766,"failureMessages":[],"meta":{},"tags":[]},{"ancestorTitles":["contractAPI"],"fullName":"contractAPI getContractByRecordcode calls GET /assets/contracts/{code}/","status":"passed","title":"getContractByRecordcode calls GET /assets/contracts/{code}/","duration":1.162000000000262,"failureMessages":[],"meta":{},"tags":[]},{"ancestorTitles":["contractAPI"],"fullName":"contractAPI getContractByCodeOrId calls GET /assets/contracts/{code}/","status":"passed","title":"getContractByCodeOrId calls GET /assets/contracts/{code}/","duration":3.0561999999990803,"failureMessages":[],"meta":{},"tags":[]},{"ancestorTitles":["contractAPI"],"fullName":"contractAPI getContractByName calls GET /assets/contracts/getcontractByname/{name}/","status":"passed","title":"getContractByName calls GET /assets/contracts/getcontractByname/{name}/","duration":0.5904000000009546,"failureMessages":[],"meta":{},"tags":[]},{"ancestorTitles":["contractAPI"],"fullName":"contractAPI getFuzzySearch calls GET /assets/contracts/search/","status":"passed","title":"getFuzzySearch calls GET /assets/contracts/search/","duration":3.4310000000004948,"failureMessages":[],"meta":{},"tags":[]},{"ancestorTitles":["contractAPI"],"fullName":"contractAPI createContract calls POST /assets/contracts/","status":"passed","title":"createContract calls POST /assets/contracts/","duration":1.2047999999995227,"failureMessages":[],"meta":{},"tags":[]},{"ancestorTitles":["contractAPI"],"fullName":"contractAPI updateContract calls PUT /assets/contracts/{code}/","status":"passed","title":"updateContract calls PUT /assets/contracts/{code}/","duration":0.7069999999985157,"failureMessages":[],"meta":{},"tags":[]},{"ancestorTitles":["contractAPI"],"fullName":"contractAPI updateContract throws when recordcode is missing","status":"passed","title":"updateContract throws when recordcode is missing","duration":5.858800000001793,"failureMessages":[],"meta":{},"tags":[]},{"ancestorTitles":["contractAPI"],"fullName":"contractAPI partialUpdateContract calls PATCH /assets/contracts/{code}/","status":"passed","title":"partialUpdateContract calls PATCH /assets/contracts/{code}/","duration":1.1499999999978172,"failureMessages":[],"meta":{},"tags":[]},{"ancestorTitles":["contractAPI"],"fullName":"contractAPI partialUpdateContract throws when recordcode is missing","status":"passed","title":"partialUpdateContract throws when recordcode is missing","duration":2.674800000000687,"failureMessages":[],"meta":{},"tags":[]},{"ancestorTitles":["contractAPI"],"fullName":"contractAPI deleteContract calls DELETE /assets/contracts/{code}/","status":"passed","title":"deleteContract calls DELETE /assets/contracts/{code}/","duration":0.8260999999984051,"failureMessages":[],"meta":{},"tags":[]},{"ancestorTitles":["contractAPI"],"fullName":"contractAPI batchDeleteContracts calls POST /assets/contracts/batch-delete/","status":"passed","title":"batchDeleteContracts calls POST /assets/contracts/batch-delete/","duration":0.8120000000017171,"failureMessages":[],"meta":{},"tags":[]},{"ancestorTitles":["contractAPI"],"fullName":"contractAPI getContractStatistics calls GET /assets/contracts/statistics/","status":"passed","title":"getContractStatistics calls GET /assets/contracts/statistics/","duration":2.9025999999976193,"failureMessages":[],"meta":{},"tags":[]},{"ancestorTitles":["contractAPI"],"fullName":"contractAPI addPaymentRecord calls POST /assets/contracts/{code}/payment_record/","status":"passed","title":"addPaymentRecord calls POST /assets/contracts/{code}/payment_record/","duration":1.802400000000489,"failureMessages":[],"meta":{},"tags":[]},{"ancestorTitles":["contractAPI"],"fullName":"contractAPI updateSettlementStatus calls POST /assets/contracts/{code}/update_settlement_status/","status":"passed","title":"updateSettlementStatus calls POST /assets/contracts/{code}/update_settlement_status/","duration":3.735899999999674,"failureMessages":[],"meta":{},"tags":[]},{"ancestorTitles":["contractAPI"],"fullName":"contractAPI batchCreateContracts calls POST /assets/contracts/batch-create/","status":"passed","title":"batchCreateContracts calls POST /assets/contracts/batch-create/","duration":1.0754999999990105,"failureMessages":[],"meta":{},"tags":[]}],"startTime":1784100271348,"endTime":1784100271404.0754,"status":"passed","message":"","name":"D:/CodeDemo/AssetManagementProgram/vue-assetmanagement/src/api/__tests__/contract.spec.ts"},{"assertionResults":[{"ancestorTitles":["damagedAssetAPI"],"fullName":"damagedAssetAPI getDamagedAssets calls GET /assets/damaged-assets/","status":"passed","title":"getDamagedAssets calls GET /assets/damaged-assets/","duration":44.34430000000066,"failureMessages":[],"meta":{},"tags":[]},{"ancestorTitles":["damagedAssetAPI"],"fullName":"damagedAssetAPI getDamagedAsset calls GET /assets/damaged-assets/{code}/","status":"passed","title":"getDamagedAsset calls GET /assets/damaged-assets/{code}/","duration":2.630700000001525,"failureMessages":[],"meta":{},"tags":[]},{"ancestorTitles":["damagedAssetAPI"],"fullName":"damagedAssetAPI createDamagedAsset calls POST /assets/damaged-assets/","status":"passed","title":"createDamagedAsset calls POST /assets/damaged-assets/","duration":4.727300000002288,"failureMessages":[],"meta":{},"tags":[]},{"ancestorTitles":["damagedAssetAPI"],"fullName":"damagedAssetAPI updateDamagedAsset calls PUT /assets/damaged-assets/{code}/","status":"passed","title":"updateDamagedAsset calls PUT /assets/damaged-assets/{code}/","duration":0.9841999999989639,"failureMessages":[],"meta":{},"tags":[]},{"ancestorTitles":["damagedAssetAPI"],"fullName":"damagedAssetAPI deleteDamagedAsset calls DELETE /assets/damaged-assets/{code}/","status":"passed","title":"deleteDamagedAsset calls DELETE /assets/damaged-assets/{code}/","duration":0.9940999999998894,"failureMessages":[],"meta":{},"tags":[]},{"ancestorTitles":["damagedAssetAPI"],"fullName":"damagedAssetAPI batchDeleteDamagedAssets calls POST /assets/damaged-assets/batch-delete/","status":"passed","title":"batchDeleteDamagedAssets calls POST /assets/damaged-assets/batch-delete/","duration":4.818300000002637,"failureMessages":[],"meta":{},"tags":[]},{"ancestorTitles":["damagedAssetAPI"],"fullName":"damagedAssetAPI getDamagedAssetsByAsset calls GET /assets/damaged-assets/by-asset/{code}/","status":"passed","title":"getDamagedAssetsByAsset calls GET /assets/damaged-assets/by-asset/{code}/","duration":0.8263000000006286,"failureMessages":[],"meta":{},"tags":[]},{"ancestorTitles":["damagedAssetAPI"],"fullName":"damagedAssetAPI approveDamagedAsset calls POST /assets/damaged-assets/{code}/approve/","status":"passed","title":"approveDamagedAsset calls POST /assets/damaged-assets/{code}/approve/","duration":1.1216000000022177,"failureMessages":[],"meta":{},"tags":[]},{"ancestorTitles":["damagedAssetAPI"],"fullName":"damagedAssetAPI rejectDamagedAsset calls POST /assets/damaged-assets/{code}/reject/","status":"passed","title":"rejectDamagedAsset calls POST /assets/damaged-assets/{code}/reject/","duration":3.368800000000192,"failureMessages":[],"meta":{},"tags":[]}],"startTime":1784100279062,"endTime":1784100279126.369,"status":"passed","message":"","name":"D:/CodeDemo/AssetManagementProgram/vue-assetmanagement/src/api/__tests__/damagedAsset.spec.ts"},{"assertionResults":[{"ancestorTitles":["dashboardAPI"],"fullName":"dashboardAPI getDashboardOverview calls GET /dashboard/overview/","status":"passed","title":"getDashboardOverview calls GET /dashboard/overview/","duration":25.528000000002066,"failureMessages":[],"meta":{},"tags":[]},{"ancestorTitles":["dashboardAPI"],"fullName":"dashboardAPI getRecentOutAssets calls GET /dashboard/recent_out_assets/","status":"passed","title":"getRecentOutAssets calls GET /dashboard/recent_out_assets/","duration":5.702499999999418,"failureMessages":[],"meta":{},"tags":[]},{"ancestorTitles":["dashboardAPI"],"fullName":"dashboardAPI getRecentOutAssets defaults limit to 10","status":"passed","title":"getRecentOutAssets defaults limit to 10","duration":3.8760000000002037,"failureMessages":[],"meta":{},"tags":[]},{"ancestorTitles":["dashboardAPI"],"fullName":"dashboardAPI getRecentRecycleAssets calls GET /dashboard/recent_recycle_assets/","status":"passed","title":"getRecentRecycleAssets calls GET /dashboard/recent_recycle_assets/","duration":1.5828000000001339,"failureMessages":[],"meta":{},"tags":[]},{"ancestorTitles":["dashboardAPI"],"fullName":"dashboardAPI getRecentRecycleAssets defaults limit to 10","status":"passed","title":"getRecentRecycleAssets defaults limit to 10","duration":4.185999999997875,"failureMessages":[],"meta":{},"tags":[]},{"ancestorTitles":["dashboardAPI"],"fullName":"dashboardAPI getAssetTrend calls GET /dashboard/trend/","status":"passed","title":"getAssetTrend calls GET /dashboard/trend/","duration":1.0521999999982654,"failureMessages":[],"meta":{},"tags":[]},{"ancestorTitles":["dashboardAPI"],"fullName":"dashboardAPI getDepartmentDistribution calls GET /dashboard/department_distribution/","status":"passed","title":"getDepartmentDistribution calls GET /dashboard/department_distribution/","duration":1.376299999999901,"failureMessages":[],"meta":{},"tags":[]},{"ancestorTitles":["dashboardAPI"],"fullName":"dashboardAPI getAssetTypeDistribution calls GET /dashboard/type_distribution/","status":"passed","title":"getAssetTypeDistribution calls GET /dashboard/type_distribution/","duration":1.7337999999981548,"failureMessages":[],"meta":{},"tags":[]},{"ancestorTitles":["dashboardAPI"],"fullName":"dashboardAPI getExpiringAssets calls GET /dashboard/expiring_assets/","status":"passed","title":"getExpiringAssets calls GET /dashboard/expiring_assets/","duration":1.548000000002503,"failureMessages":[],"meta":{},"tags":[]},{"ancestorTitles":["dashboardAPI"],"fullName":"dashboardAPI getExpiringAssets defaults days to 30","status":"passed","title":"getExpiringAssets defaults days to 30","duration":2.0033000000003085,"failureMessages":[],"meta":{},"tags":[]},{"ancestorTitles":["dashboardAPI"],"fullName":"dashboardAPI getMaintenanceReminders calls GET /dashboard/maintenance_reminders/","status":"passed","title":"getMaintenanceReminders calls GET /dashboard/maintenance_reminders/","duration":1.8739999999997963,"failureMessages":[],"meta":{},"tags":[]}],"startTime":1784100292134,"endTime":1784100292185.874,"status":"passed","message":"","name":"D:/CodeDemo/AssetManagementProgram/vue-assetmanagement/src/api/__tests__/dashboard.spec.ts"},{"assertionResults":[{"ancestorTitles":["departmentAPI"],"fullName":"departmentAPI getDepartmentList calls GET /users/departments/","status":"passed","title":"getDepartmentList calls GET /users/departments/","duration":28.374199999998382,"failureMessages":[],"meta":{},"tags":[]},{"ancestorTitles":["departmentAPI"],"fullName":"departmentAPI getDepartment calls GET /users/departments/{code}/","status":"passed","title":"getDepartment calls GET /users/departments/{code}/","duration":1.0612999999975727,"failureMessages":[],"meta":{},"tags":[]},{"ancestorTitles":["departmentAPI"],"fullName":"departmentAPI createDepartment calls POST /users/departments/","status":"passed","title":"createDepartment calls POST /users/departments/","duration":3.7150000000001455,"failureMessages":[],"meta":{},"tags":[]},{"ancestorTitles":["departmentAPI"],"fullName":"departmentAPI updateDepartment calls PUT /users/departments/{code}/","status":"passed","title":"updateDepartment calls PUT /users/departments/{code}/","duration":0.8803999999981897,"failureMessages":[],"meta":{},"tags":[]},{"ancestorTitles":["departmentAPI"],"fullName":"departmentAPI updateDepartment throws when department_code is missing","status":"passed","title":"updateDepartment throws when department_code is missing","duration":8.505400000001828,"failureMessages":[],"meta":{},"tags":[]},{"ancestorTitles":["departmentAPI"],"fullName":"departmentAPI deleteDepartment calls DELETE /users/departments/{code}/","status":"passed","title":"deleteDepartment calls DELETE /users/departments/{code}/","duration":0.7141999999985273,"failureMessages":[],"meta":{},"tags":[]},{"ancestorTitles":["departmentAPI"],"fullName":"departmentAPI batchDeleteDepartments calls POST /users/departments/batch-delete/","status":"passed","title":"batchDeleteDepartments calls POST /users/departments/batch-delete/","duration":0.8665999999975611,"failureMessages":[],"meta":{},"tags":[]},{"ancestorTitles":["departmentAPI"],"fullName":"departmentAPI batchCreateDepartments calls POST /users/departments/batch-create/","status":"passed","title":"batchCreateDepartments calls POST /users/departments/batch-create/","duration":3.319000000003143,"failureMessages":[],"meta":{},"tags":[]},{"ancestorTitles":["departmentAPI"],"fullName":"departmentAPI getDepartmentEmployeeList calls GET /users/departments/{code}/employees/","status":"passed","title":"getDepartmentEmployeeList calls GET /users/departments/{code}/employees/","duration":1.0390000000006694,"failureMessages":[],"meta":{},"tags":[]},{"ancestorTitles":["departmentAPI"],"fullName":"departmentAPI getDepartmentTree calls GET /users/departments/tree/","status":"passed","title":"getDepartmentTree calls GET /users/departments/tree/","duration":0.5940000000009604,"failureMessages":[],"meta":{},"tags":[]},{"ancestorTitles":["departmentAPI"],"fullName":"departmentAPI getDepartmentChildren calls GET /users/departments/{code}/children/","status":"passed","title":"getDepartmentChildren calls GET /users/departments/{code}/children/","duration":4.011699999999109,"failureMessages":[],"meta":{},"tags":[]},{"ancestorTitles":["departmentAPI"],"fullName":"departmentAPI moveDepartment calls PUT /users/departments/{code}/move/","status":"passed","title":"moveDepartment calls PUT /users/departments/{code}/move/","duration":0.817800000000716,"failureMessages":[],"meta":{},"tags":[]},{"ancestorTitles":["departmentAPI"],"fullName":"departmentAPI sortDepartments calls PUT /users/departments/sort/","status":"passed","title":"sortDepartments calls PUT /users/departments/sort/","duration":0.7276000000019849,"failureMessages":[],"meta":{},"tags":[]},{"ancestorTitles":["departmentAPI"],"fullName":"departmentAPI getParentDepartment calls GET /users/departments/{code}/parent/","status":"passed","title":"getParentDepartment calls GET /users/departments/{code}/parent/","duration":0.5,"failureMessages":[],"meta":{},"tags":[]}],"startTime":1784100333249,"endTime":1784100333304.5,"status":"passed","message":"","name":"D:/CodeDemo/AssetManagementProgram/vue-assetmanagement/src/api/__tests__/department.spec.ts"},{"assertionResults":[{"ancestorTitles":["foundAssetAPI"],"fullName":"foundAssetAPI getFoundAssets calls GET /assets/found-assets/","status":"passed","title":"getFoundAssets calls GET /assets/found-assets/","duration":39.2432000000008,"failureMessages":[],"meta":{},"tags":[]},{"ancestorTitles":["foundAssetAPI"],"fullName":"foundAssetAPI getFoundAssetByCode calls GET /assets/found-assets/{code}/","status":"passed","title":"getFoundAssetByCode calls GET /assets/found-assets/{code}/","duration":1.4459999999999127,"failureMessages":[],"meta":{},"tags":[]},{"ancestorTitles":["foundAssetAPI"],"fullName":"foundAssetAPI createFoundAsset calls POST /assets/found-assets/","status":"passed","title":"createFoundAsset calls POST /assets/found-assets/","duration":1.3042999999997846,"failureMessages":[],"meta":{},"tags":[]},{"ancestorTitles":["foundAssetAPI"],"fullName":"foundAssetAPI updateFoundAsset calls PUT /assets/found-assets/{code}/","status":"passed","title":"updateFoundAsset calls PUT /assets/found-assets/{code}/","duration":5.4825999999993655,"failureMessages":[],"meta":{},"tags":[]},{"ancestorTitles":["foundAssetAPI"],"fullName":"foundAssetAPI updateFoundAsset throws when recordcode is missing","status":"passed","title":"updateFoundAsset throws when recordcode is missing","duration":24.254000000000815,"failureMessages":[],"meta":{},"tags":[]},{"ancestorTitles":["foundAssetAPI"],"fullName":"foundAssetAPI deleteFoundAsset calls DELETE /assets/found-assets/{code}/","status":"passed","title":"deleteFoundAsset calls DELETE /assets/found-assets/{code}/","duration":3.682600000000093,"failureMessages":[],"meta":{},"tags":[]},{"ancestorTitles":["foundAssetAPI"],"fullName":"foundAssetAPI batchDeleteFoundAssets calls POST /assets/found-assets/batch-delete/","status":"passed","title":"batchDeleteFoundAssets calls POST /assets/found-assets/batch-delete/","duration":13.35399999999936,"failureMessages":[],"meta":{},"tags":[]},{"ancestorTitles":["foundAssetAPI"],"fullName":"foundAssetAPI getFoundAssetsByAsset calls GET /assets/found-assets/by-asset/{code}/","status":"passed","title":"getFoundAssetsByAsset calls GET /assets/found-assets/by-asset/{code}/","duration":5.657100000000355,"failureMessages":[],"meta":{},"tags":[]}],"startTime":1784100315826,"endTime":1784100315922.657,"status":"passed","message":"","name":"D:/CodeDemo/AssetManagementProgram/vue-assetmanagement/src/api/__tests__/foundAsset.spec.ts"},{"assertionResults":[{"ancestorTitles":["harddiskSnAPI"],"fullName":"harddiskSnAPI getHardDiskSNs calls GET /assets/harddisk-sn/","status":"passed","title":"getHardDiskSNs calls GET /assets/harddisk-sn/","duration":14.12250000000131,"failureMessages":[],"meta":{},"tags":[]},{"ancestorTitles":["harddiskSnAPI"],"fullName":"harddiskSnAPI getHardDiskSN calls GET /assets/harddisk-sn/{code}/","status":"passed","title":"getHardDiskSN calls GET /assets/harddisk-sn/{code}/","duration":1.0802999999978056,"failureMessages":[],"meta":{},"tags":[]},{"ancestorTitles":["harddiskSnAPI"],"fullName":"harddiskSnAPI getHardDiskSNByCode calls POST /assets/harddisk-sn/search_by_serial_number/","status":"passed","title":"getHardDiskSNByCode calls POST /assets/harddisk-sn/search_by_serial_number/","duration":1.0941000000020722,"failureMessages":[],"meta":{},"tags":[]},{"ancestorTitles":["harddiskSnAPI"],"fullName":"harddiskSnAPI createHardDiskSN calls POST /assets/harddisk-sn/","status":"passed","title":"createHardDiskSN calls POST /assets/harddisk-sn/","duration":0.8145000000004075,"failureMessages":[],"meta":{},"tags":[]},{"ancestorTitles":["harddiskSnAPI"],"fullName":"harddiskSnAPI updateHardDiskSN calls PUT /assets/harddisk-sn/{code}/","status":"passed","title":"updateHardDiskSN calls PUT /assets/harddisk-sn/{code}/","duration":0.9337999999988824,"failureMessages":[],"meta":{},"tags":[]},{"ancestorTitles":["harddiskSnAPI"],"fullName":"harddiskSnAPI deleteHardDiskSN calls DELETE /assets/harddisk-sn/{code}/","status":"passed","title":"deleteHardDiskSN calls DELETE /assets/harddisk-sn/{code}/","duration":0.6388000000006286,"failureMessages":[],"meta":{},"tags":[]},{"ancestorTitles":["harddiskSnAPI"],"fullName":"harddiskSnAPI deleteHardDiskSNByCode calls DELETE /assets/harddisk-sn/{code}/","status":"passed","title":"deleteHardDiskSNByCode calls DELETE /assets/harddisk-sn/{code}/","duration":0.6471999999994296,"failureMessages":[],"meta":{},"tags":[]},{"ancestorTitles":["harddiskSnAPI"],"fullName":"harddiskSnAPI saveHardDiskSNBatch calls POST /assets/harddisk-sn/batch/","status":"passed","title":"saveHardDiskSNBatch calls POST /assets/harddisk-sn/batch/","duration":0.7511000000013155,"failureMessages":[],"meta":{},"tags":[]},{"ancestorTitles":["harddiskSnAPI"],"fullName":"harddiskSnAPI getHardDiskSNsByAsset calls GET /assets/harddisk-sn/by-asset/{code}/","status":"passed","title":"getHardDiskSNsByAsset calls GET /assets/harddisk-sn/by-asset/{code}/","duration":0.9243999999998778,"failureMessages":[],"meta":{},"tags":[]}],"startTime":1784100333713,"endTime":1784100333734.9243,"status":"passed","message":"","name":"D:/CodeDemo/AssetManagementProgram/vue-assetmanagement/src/api/__tests__/harddiskSn.spec.ts"},{"assertionResults":[{"ancestorTitles":["lostAssetAPI"],"fullName":"lostAssetAPI getLostAssets calls GET /assets/lost-assets/","status":"passed","title":"getLostAssets calls GET /assets/lost-assets/","duration":25.108499999998457,"failureMessages":[],"meta":{},"tags":[]},{"ancestorTitles":["lostAssetAPI"],"fullName":"lostAssetAPI getLostAssetByCode calls GET /assets/lost-assets/{code}/","status":"passed","title":"getLostAssetByCode calls GET /assets/lost-assets/{code}/","duration":3.120100000000093,"failureMessages":[],"meta":{},"tags":[]},{"ancestorTitles":["lostAssetAPI"],"fullName":"lostAssetAPI createLostAsset calls POST /assets/lost-assets/","status":"passed","title":"createLostAsset calls POST /assets/lost-assets/","duration":0.7834999999977299,"failureMessages":[],"meta":{},"tags":[]},{"ancestorTitles":["lostAssetAPI"],"fullName":"lostAssetAPI updateLostAsset calls PUT /assets/lost-assets/{code}/","status":"passed","title":"updateLostAsset calls PUT /assets/lost-assets/{code}/","duration":1.1503000000011525,"failureMessages":[],"meta":{},"tags":[]},{"ancestorTitles":["lostAssetAPI"],"fullName":"lostAssetAPI updateLostAsset throws when recordcode is missing","status":"passed","title":"updateLostAsset throws when recordcode is missing","duration":2.3998000000028696,"failureMessages":[],"meta":{},"tags":[]},{"ancestorTitles":["lostAssetAPI"],"fullName":"lostAssetAPI deleteLostAsset calls DELETE /assets/lost-assets/{code}/","status":"passed","title":"deleteLostAsset calls DELETE /assets/lost-assets/{code}/","duration":0.481500000001688,"failureMessages":[],"meta":{},"tags":[]},{"ancestorTitles":["lostAssetAPI"],"fullName":"lostAssetAPI batchDeleteLostAssets calls POST /assets/lost-assets/batch-delete/","status":"passed","title":"batchDeleteLostAssets calls POST /assets/lost-assets/batch-delete/","duration":1.2501999999985856,"failureMessages":[],"meta":{},"tags":[]},{"ancestorTitles":["lostAssetAPI"],"fullName":"lostAssetAPI batchCreateLostAssets calls POST /assets/lost-assets/batch-create/","status":"passed","title":"batchCreateLostAssets calls POST /assets/lost-assets/batch-create/","duration":0.905800000000454,"failureMessages":[],"meta":{},"tags":[]},{"ancestorTitles":["lostAssetAPI"],"fullName":"lostAssetAPI getLostAssetsByAsset calls GET /assets/lost-assets/by-asset/{code}/","status":"passed","title":"getLostAssetsByAsset calls GET /assets/lost-assets/by-asset/{code}/","duration":1.6980000000003201,"failureMessages":[],"meta":{},"tags":[]},{"ancestorTitles":["lostAssetAPI"],"fullName":"lostAssetAPI markAssetAsLost calls POST /assets/assets/{code}/mark-lost/","status":"passed","title":"markAssetAsLost calls POST /assets/assets/{code}/mark-lost/","duration":2.9033999999992375,"failureMessages":[],"meta":{},"tags":[]},{"ancestorTitles":["lostAssetAPI"],"fullName":"lostAssetAPI foundAsset calls POST /assets/assets/{code}/found/","status":"passed","title":"foundAsset calls POST /assets/assets/{code}/found/","duration":1.1497000000017579,"failureMessages":[],"meta":{},"tags":[]}],"startTime":1784100313091,"endTime":1784100313132.1497,"status":"passed","message":"","name":"D:/CodeDemo/AssetManagementProgram/vue-assetmanagement/src/api/__tests__/lostAsset.spec.ts"},{"assertionResults":[{"ancestorTitles":["networkAPI"],"fullName":"networkAPI testConnection returns success when GET / succeeds","status":"passed","title":"testConnection returns success when GET / succeeds","duration":25.72940000000017,"failureMessages":[],"meta":{},"tags":[]},{"ancestorTitles":["networkAPI"],"fullName":"networkAPI testConnection returns error when GET / fails with ERR_NETWORK","status":"passed","title":"testConnection returns error when GET / fails with ERR_NETWORK","duration":3.962499999997817,"failureMessages":[],"meta":{},"tags":[]},{"ancestorTitles":["networkAPI"],"fullName":"networkAPI testConnection returns success when server responds with error status","status":"passed","title":"testConnection returns success when server responds with error status","duration":3.9495999999999185,"failureMessages":[],"meta":{},"tags":[]},{"ancestorTitles":["networkAPI"],"fullName":"networkAPI testAPI calls GET /test/","status":"passed","title":"testAPI calls GET /test/","duration":1.236399999997957,"failureMessages":[],"meta":{},"tags":[]},{"ancestorTitles":["networkAPI"],"fullName":"networkAPI testAPI returns error details on failure","status":"passed","title":"testAPI returns error details on failure","duration":4.32930000000124,"failureMessages":[],"meta":{},"tags":[]},{"ancestorTitles":["networkAPI"],"fullName":"networkAPI testLoginAPI calls fetch with OPTIONS method","status":"passed","title":"testLoginAPI calls fetch with OPTIONS method","duration":4.5306000000018685,"failureMessages":[],"meta":{},"tags":[]},{"ancestorTitles":["networkAPI"],"fullName":"networkAPI testLoginAPI returns error when fetch fails","status":"passed","title":"testLoginAPI returns error when fetch fails","duration":0.828799999999319,"failureMessages":[],"meta":{},"tags":[]}],"startTime":1784100271731,"endTime":1784100271775.8289,"status":"passed","message":"","name":"D:/CodeDemo/AssetManagementProgram/vue-assetmanagement/src/api/__tests__/network.spec.ts"},{"assertionResults":[{"ancestorTitles":["operationLogAPI"],"fullName":"operationLogAPI getOperationLogs calls GET /assets/operation-logs/","status":"passed","title":"getOperationLogs calls GET /assets/operation-logs/","duration":15.033800000001065,"failureMessages":[],"meta":{},"tags":[]},{"ancestorTitles":["operationLogAPI"],"fullName":"operationLogAPI getOperationLogDetail calls GET /assets/operation-logs/{pk}/","status":"passed","title":"getOperationLogDetail calls GET /assets/operation-logs/{pk}/","duration":0.9534999999996217,"failureMessages":[],"meta":{},"tags":[]},{"ancestorTitles":["operationLogAPI"],"fullName":"operationLogAPI getOperationLogByLoggingId calls GET /assets/operation-logs/by-logging-id/{id}/","status":"passed","title":"getOperationLogByLoggingId calls GET /assets/operation-logs/by-logging-id/{id}/","duration":0.8832999999976892,"failureMessages":[],"meta":{},"tags":[]},{"ancestorTitles":["operationLogAPI"],"fullName":"operationLogAPI getRecentOperationLogs calls GET /assets/operation-logs/recent/","status":"passed","title":"getRecentOperationLogs calls GET /assets/operation-logs/recent/","duration":1.3623999999981606,"failureMessages":[],"meta":{},"tags":[]},{"ancestorTitles":["operationLogAPI"],"fullName":"operationLogAPI getRecentOperationLogs defaults days to 7","status":"passed","title":"getRecentOperationLogs defaults days to 7","duration":0.6502000000000407,"failureMessages":[],"meta":{},"tags":[]},{"ancestorTitles":["operationLogAPI"],"fullName":"operationLogAPI getUserOperationLogs calls GET /assets/operation-logs/user/{jobcode}/","status":"passed","title":"getUserOperationLogs calls GET /assets/operation-logs/user/{jobcode}/","duration":0.8832000000002154,"failureMessages":[],"meta":{},"tags":[]}],"startTime":1784100333013,"endTime":1784100333033.8833,"status":"passed","message":"","name":"D:/CodeDemo/AssetManagementProgram/vue-assetmanagement/src/api/__tests__/operationLog.spec.ts"},{"assertionResults":[{"ancestorTitles":["outAssetAPI"],"fullName":"outAssetAPI getOutAssets calls GET /assets/out-assets/","status":"passed","title":"getOutAssets calls GET /assets/out-assets/","duration":23.790100000001985,"failureMessages":[],"meta":{},"tags":[]},{"ancestorTitles":["outAssetAPI"],"fullName":"outAssetAPI getRecyclableOutAssets calls GET /assets/out-assets/recyclable/","status":"passed","title":"getRecyclableOutAssets calls GET /assets/out-assets/recyclable/","duration":1.5040999999982887,"failureMessages":[],"meta":{},"tags":[]},{"ancestorTitles":["outAssetAPI"],"fullName":"outAssetAPI getOutAssetByCode calls GET /assets/out-assets/{code}/","status":"passed","title":"getOutAssetByCode calls GET /assets/out-assets/{code}/","duration":3.4869999999973516,"failureMessages":[],"meta":{},"tags":[]},{"ancestorTitles":["outAssetAPI"],"fullName":"outAssetAPI createOutAsset calls POST /assets/out-assets/","status":"passed","title":"createOutAsset calls POST /assets/out-assets/","duration":0.8604000000013912,"failureMessages":[],"meta":{},"tags":[]},{"ancestorTitles":["outAssetAPI"],"fullName":"outAssetAPI deleteOutAsset calls DELETE /assets/out-assets/{code}/","status":"passed","title":"deleteOutAsset calls DELETE /assets/out-assets/{code}/","duration":3.1146000000007916,"failureMessages":[],"meta":{},"tags":[]},{"ancestorTitles":["outAssetAPI"],"fullName":"outAssetAPI batchDeleteOutAssets calls POST /assets/out-assets/batch-delete/","status":"passed","title":"batchDeleteOutAssets calls POST /assets/out-assets/batch-delete/","duration":0.8957999999984168,"failureMessages":[],"meta":{},"tags":[]},{"ancestorTitles":["outAssetAPI"],"fullName":"outAssetAPI batchCreateOutAssets calls POST /assets/out-assets/batch-create/","status":"passed","title":"batchCreateOutAssets calls POST /assets/out-assets/batch-create/","duration":0.70509999999922,"failureMessages":[],"meta":{},"tags":[]},{"ancestorTitles":["outAssetAPI"],"fullName":"outAssetAPI getOutAssetsByAsset calls GET /assets/out-assets/by-asset/{code}/","status":"passed","title":"getOutAssetsByAsset calls GET /assets/out-assets/by-asset/{code}/","duration":0.5185999999994237,"failureMessages":[],"meta":{},"tags":[]},{"ancestorTitles":["outAssetAPI"],"fullName":"outAssetAPI getOutAssetStatistics calls GET /assets/out-assets/statistics/","status":"passed","title":"getOutAssetStatistics calls GET /assets/out-assets/statistics/","duration":3.0116999999991094,"failureMessages":[],"meta":{},"tags":[]},{"ancestorTitles":["outAssetAPI"],"fullName":"outAssetAPI getOutAssetsByApplicant calls GET /assets/out-assets/by-applicant/{code}/","status":"passed","title":"getOutAssetsByApplicant calls GET /assets/out-assets/by-applicant/{code}/","duration":1.2394999999996799,"failureMessages":[],"meta":{},"tags":[]}],"startTime":1784100312527,"endTime":1784100312566.2395,"status":"passed","message":"","name":"D:/CodeDemo/AssetManagementProgram/vue-assetmanagement/src/api/__tests__/outAsset.spec.ts"},{"assertionResults":[{"ancestorTitles":["recycleAssetAPI"],"fullName":"recycleAssetAPI getRecycleAssets calls GET /assets/recycle-assets/","status":"passed","title":"getRecycleAssets calls GET /assets/recycle-assets/","duration":14.44380000000092,"failureMessages":[],"meta":{},"tags":[]},{"ancestorTitles":["recycleAssetAPI"],"fullName":"recycleAssetAPI getRecycleAssetByCode calls GET /assets/recycle-assets/{code}/","status":"passed","title":"getRecycleAssetByCode calls GET /assets/recycle-assets/{code}/","duration":1.959900000001653,"failureMessages":[],"meta":{},"tags":[]},{"ancestorTitles":["recycleAssetAPI"],"fullName":"recycleAssetAPI createRecycleAsset calls POST /assets/recycle-assets/","status":"passed","title":"createRecycleAsset calls POST /assets/recycle-assets/","duration":0.8540999999968335,"failureMessages":[],"meta":{},"tags":[]},{"ancestorTitles":["recycleAssetAPI"],"fullName":"recycleAssetAPI updateRecycleAsset calls PUT /assets/recycle-assets/{code}/","status":"passed","title":"updateRecycleAsset calls PUT /assets/recycle-assets/{code}/","duration":1.7250999999996566,"failureMessages":[],"meta":{},"tags":[]},{"ancestorTitles":["recycleAssetAPI"],"fullName":"recycleAssetAPI updateRecycleAsset throws when recordcode is missing","status":"passed","title":"updateRecycleAsset throws when recordcode is missing","duration":3.650499999999738,"failureMessages":[],"meta":{},"tags":[]},{"ancestorTitles":["recycleAssetAPI"],"fullName":"recycleAssetAPI deleteRecycleAsset calls DELETE /assets/recycle-assets/{code}/","status":"passed","title":"deleteRecycleAsset calls DELETE /assets/recycle-assets/{code}/","duration":1.5049999999973807,"failureMessages":[],"meta":{},"tags":[]},{"ancestorTitles":["recycleAssetAPI"],"fullName":"recycleAssetAPI batchDeleteRecycleAssets calls POST /assets/recycle-assets/batch-delete/","status":"passed","title":"batchDeleteRecycleAssets calls POST /assets/recycle-assets/batch-delete/","duration":1.0480999999999767,"failureMessages":[],"meta":{},"tags":[]},{"ancestorTitles":["recycleAssetAPI"],"fullName":"recycleAssetAPI batchCreateRecycleAssets calls POST /assets/recycle-assets/batch-create/","status":"passed","title":"batchCreateRecycleAssets calls POST /assets/recycle-assets/batch-create/","duration":0.7086999999992258,"failureMessages":[],"meta":{},"tags":[]},{"ancestorTitles":["recycleAssetAPI"],"fullName":"recycleAssetAPI getRecycleAssetsByAsset calls GET /assets/recycle-assets/by-asset/{code}/","status":"passed","title":"getRecycleAssetsByAsset calls GET /assets/recycle-assets/by-asset/{code}/","duration":0.9834000000009837,"failureMessages":[],"meta":{},"tags":[]},{"ancestorTitles":["recycleAssetAPI"],"fullName":"recycleAssetAPI getRecycleAssetByOutAsset calls GET /assets/recycle-assets/by-outasset/{code}/","status":"passed","title":"getRecycleAssetByOutAsset calls GET /assets/recycle-assets/by-outasset/{code}/","duration":1.0608999999967637,"failureMessages":[],"meta":{},"tags":[]}],"startTime":1784100312921,"endTime":1784100312950.0608,"status":"passed","message":"","name":"D:/CodeDemo/AssetManagementProgram/vue-assetmanagement/src/api/__tests__/recycleAsset.spec.ts"},{"assertionResults":[{"ancestorTitles":["repairAssetAPI"],"fullName":"repairAssetAPI getRepairAssets calls GET /assets/repair-assets/","status":"passed","title":"getRepairAssets calls GET /assets/repair-assets/","duration":53.958699999999226,"failureMessages":[],"meta":{},"tags":[]},{"ancestorTitles":["repairAssetAPI"],"fullName":"repairAssetAPI getRepairAssetByCode calls GET /assets/repair-assets/{code}/","status":"passed","title":"getRepairAssetByCode calls GET /assets/repair-assets/{code}/","duration":13.996200000001409,"failureMessages":[],"meta":{},"tags":[]},{"ancestorTitles":["repairAssetAPI"],"fullName":"repairAssetAPI createRepairAsset calls POST /assets/repair-assets/","status":"passed","title":"createRepairAsset calls POST /assets/repair-assets/","duration":4.757200000000012,"failureMessages":[],"meta":{},"tags":[]},{"ancestorTitles":["repairAssetAPI"],"fullName":"repairAssetAPI updateRepairAsset calls PUT /assets/repair-assets/{code}/","status":"passed","title":"updateRepairAsset calls PUT /assets/repair-assets/{code}/","duration":1.8243000000002212,"failureMessages":[],"meta":{},"tags":[]},{"ancestorTitles":["repairAssetAPI"],"fullName":"repairAssetAPI updateRepairAsset throws when recordcode is missing","status":"passed","title":"updateRepairAsset throws when recordcode is missing","duration":22.700199999999313,"failureMessages":[],"meta":{},"tags":[]},{"ancestorTitles":["repairAssetAPI"],"fullName":"repairAssetAPI deleteRepairAsset calls DELETE /assets/repair-assets/{code}/","status":"passed","title":"deleteRepairAsset calls DELETE /assets/repair-assets/{code}/","duration":7.8729999999995925,"failureMessages":[],"meta":{},"tags":[]},{"ancestorTitles":["repairAssetAPI"],"fullName":"repairAssetAPI batchDeleteRepairAssets calls POST /assets/repair-assets/batch-delete/","status":"passed","title":"batchDeleteRepairAssets calls POST /assets/repair-assets/batch-delete/","duration":0.9371000000028289,"failureMessages":[],"meta":{},"tags":[]},{"ancestorTitles":["repairAssetAPI"],"fullName":"repairAssetAPI batchCreateRepairAssets calls POST /assets/repair-assets/batch-create/","status":"passed","title":"batchCreateRepairAssets calls POST /assets/repair-assets/batch-create/","duration":7.380299999997078,"failureMessages":[],"meta":{},"tags":[]},{"ancestorTitles":["repairAssetAPI"],"fullName":"repairAssetAPI getRepairAssetsByAsset calls GET /assets/repair-assets/by-asset/{code}/","status":"passed","title":"getRepairAssetsByAsset calls GET /assets/repair-assets/by-asset/{code}/","duration":11.51469999999972,"failureMessages":[],"meta":{},"tags":[]},{"ancestorTitles":["repairAssetAPI"],"fullName":"repairAssetAPI repairAsset calls POST /assets/assets/{code}/repair/","status":"passed","title":"repairAsset calls POST /assets/assets/{code}/repair/","duration":1.7122999999992317,"failureMessages":[],"meta":{},"tags":[]},{"ancestorTitles":["repairAssetAPI"],"fullName":"repairAssetAPI repairDone calls POST /assets/assets/{code}/repair-done/","status":"passed","title":"repairDone calls POST /assets/assets/{code}/repair-done/","duration":18.834399999999732,"failureMessages":[],"meta":{},"tags":[]},{"ancestorTitles":["repairAssetAPI"],"fullName":"repairAssetAPI repairFailed calls POST /assets/assets/{code}/repair-failed/","status":"passed","title":"repairFailed calls POST /assets/assets/{code}/repair-failed/","duration":9.25959999999759,"failureMessages":[],"meta":{},"tags":[]}],"startTime":1784100322656,"endTime":1784100322825.2595,"status":"passed","message":"","name":"D:/CodeDemo/AssetManagementProgram/vue-assetmanagement/src/api/__tests__/repairAsset.spec.ts"},{"assertionResults":[{"ancestorTitles":["request","unwrapResponse"],"fullName":"request unwrapResponse returns data when code is 0","status":"passed","title":"returns data when code is 0","duration":5.6533999999992375,"failureMessages":[],"meta":{},"tags":[]},{"ancestorTitles":["request","unwrapResponse"],"fullName":"request unwrapResponse throws error when code is not 0","status":"passed","title":"throws error when code is not 0","duration":3.013999999999214,"failureMessages":[],"meta":{},"tags":[]},{"ancestorTitles":["request","unwrapResponse"],"fullName":"request unwrapResponse throws default message when code is not 0 and message is empty","status":"passed","title":"throws default message when code is not 0 and message is empty","duration":0.5627999999996973,"failureMessages":[],"meta":{},"tags":[]},{"ancestorTitles":["request","get"],"fullName":"request get returns response data on success","status":"passed","title":"returns response data on success","duration":3.234200000002602,"failureMessages":[],"meta":{},"tags":[]},{"ancestorTitles":["request","get"],"fullName":"request get passes params correctly","status":"passed","title":"passes params correctly","duration":1.1450000000004366,"failureMessages":[],"meta":{},"tags":[]},{"ancestorTitles":["request","get"],"fullName":"request get filters out null/undefined params","status":"passed","title":"filters out null/undefined params","duration":0.6386999999995169,"failureMessages":[],"meta":{},"tags":[]},{"ancestorTitles":["request","get"],"fullName":"request get passes options object with useCache","status":"passed","title":"passes options object with useCache","duration":1.1775000000016007,"failureMessages":[],"meta":{},"tags":[]},{"ancestorTitles":["request","get"],"fullName":"request get supports legacy boolean cache parameter","status":"passed","title":"supports legacy boolean cache parameter","duration":0.8806000000004133,"failureMessages":[],"meta":{},"tags":[]},{"ancestorTitles":["request","get"],"fullName":"request get passes no params when params is undefined","status":"passed","title":"passes no params when params is undefined","duration":0.6440000000002328,"failureMessages":[],"meta":{},"tags":[]},{"ancestorTitles":["request","post"],"fullName":"request post returns response data","status":"passed","title":"returns response data","duration":0.7615000000005239,"failureMessages":[],"meta":{},"tags":[]},{"ancestorTitles":["request","post"],"fullName":"request post sends without data","status":"passed","title":"sends without data","duration":0.3826999999982945,"failureMessages":[],"meta":{},"tags":[]},{"ancestorTitles":["request","put"],"fullName":"request put returns response data","status":"passed","title":"returns response data","duration":0.6955000000016298,"failureMessages":[],"meta":{},"tags":[]},{"ancestorTitles":["request","put"],"fullName":"request put sends without data","status":"passed","title":"sends without data","duration":0.4411000000000058,"failureMessages":[],"meta":{},"tags":[]},{"ancestorTitles":["request","patch"],"fullName":"request patch returns response data","status":"passed","title":"returns response data","duration":2.403200000000652,"failureMessages":[],"meta":{},"tags":[]},{"ancestorTitles":["request","patch"],"fullName":"request patch sends without data","status":"passed","title":"sends without data","duration":0.5031999999991967,"failureMessages":[],"meta":{},"tags":[]},{"ancestorTitles":["request","del"],"fullName":"request del returns response data","status":"passed","title":"returns response data","duration":0.5459999999984575,"failureMessages":[],"meta":{},"tags":[]}],"startTime":1784100313482,"endTime":1784100313506.546,"status":"passed","message":"","name":"D:/CodeDemo/AssetManagementProgram/vue-assetmanagement/src/api/__tests__/request.spec.ts"},{"assertionResults":[{"ancestorTitles":["storageAPI"],"fullName":"storageAPI getStorages calls GET /assets/storages/","status":"passed","title":"getStorages calls GET /assets/storages/","duration":59.99460000000181,"failureMessages":[],"meta":{},"tags":[]},{"ancestorTitles":["storageAPI"],"fullName":"storageAPI getStorageByRecordcode calls GET /assets/storages/{code}/","status":"passed","title":"getStorageByRecordcode calls GET /assets/storages/{code}/","duration":1.2517000000007101,"failureMessages":[],"meta":{},"tags":[]},{"ancestorTitles":["storageAPI"],"fullName":"storageAPI searchStorages calls GET /assets/storages/ with keyword","status":"passed","title":"searchStorages calls GET /assets/storages/ with keyword","duration":5.7740000000012515,"failureMessages":[],"meta":{},"tags":[]},{"ancestorTitles":["storageAPI"],"fullName":"storageAPI createStorage calls POST /assets/storages/","status":"passed","title":"createStorage calls POST /assets/storages/","duration":0.9121999999988475,"failureMessages":[],"meta":{},"tags":[]},{"ancestorTitles":["storageAPI"],"fullName":"storageAPI updateStorage calls PUT /assets/storages/{code}/","status":"passed","title":"updateStorage calls PUT /assets/storages/{code}/","duration":2.710900000001857,"failureMessages":[],"meta":{},"tags":[]},{"ancestorTitles":["storageAPI"],"fullName":"storageAPI updateStorage throws when recordcode is missing","status":"passed","title":"updateStorage throws when recordcode is missing","duration":26.930899999999383,"failureMessages":[],"meta":{},"tags":[]},{"ancestorTitles":["storageAPI"],"fullName":"storageAPI partialUpdateStorage calls PATCH /assets/storages/{code}/","status":"passed","title":"partialUpdateStorage calls PATCH /assets/storages/{code}/","duration":9.028900000001158,"failureMessages":[],"meta":{},"tags":[]},{"ancestorTitles":["storageAPI"],"fullName":"storageAPI partialUpdateStorage throws when recordcode is missing","status":"passed","title":"partialUpdateStorage throws when recordcode is missing","duration":2.2986000000018976,"failureMessages":[],"meta":{},"tags":[]},{"ancestorTitles":["storageAPI"],"fullName":"storageAPI deleteStorage calls DELETE /assets/storages/{code}/","status":"passed","title":"deleteStorage calls DELETE /assets/storages/{code}/","duration":6.946700000000419,"failureMessages":[],"meta":{},"tags":[]},{"ancestorTitles":["storageAPI"],"fullName":"storageAPI batchDeleteStorages calls POST /assets/storages/batch-delete/","status":"passed","title":"batchDeleteStorages calls POST /assets/storages/batch-delete/","duration":6.533400000000256,"failureMessages":[],"meta":{},"tags":[]},{"ancestorTitles":["storageAPI"],"fullName":"storageAPI getStorageStatistics calls GET /assets/storages/statistics/","status":"passed","title":"getStorageStatistics calls GET /assets/storages/statistics/","duration":1.0627999999996973,"failureMessages":[],"meta":{},"tags":[]},{"ancestorTitles":["storageAPI"],"fullName":"storageAPI batchCreateStorages calls POST /assets/storages/batch-create/","status":"passed","title":"batchCreateStorages calls POST /assets/storages/batch-create/","duration":5.6635000000023865,"failureMessages":[],"meta":{},"tags":[]}],"startTime":1784100285668,"endTime":1784100285814.6636,"status":"passed","message":"","name":"D:/CodeDemo/AssetManagementProgram/vue-assetmanagement/src/api/__tests__/storage.spec.ts"},{"assertionResults":[{"ancestorTitles":["unregisteredAssetAPI"],"fullName":"unregisteredAssetAPI getUnregisteredAssets calls GET /unregisteredassets/unregistered-assets/","status":"passed","title":"getUnregisteredAssets calls GET /unregisteredassets/unregistered-assets/","duration":35.32150000000183,"failureMessages":[],"meta":{},"tags":[]},{"ancestorTitles":["unregisteredAssetAPI"],"fullName":"unregisteredAssetAPI getUnregisteredAsset calls GET /unregisteredassets/unregistered-assets/{code}/","status":"passed","title":"getUnregisteredAsset calls GET /unregisteredassets/unregistered-assets/{code}/","duration":4.347300000001269,"failureMessages":[],"meta":{},"tags":[]},{"ancestorTitles":["unregisteredAssetAPI"],"fullName":"unregisteredAssetAPI createUnregisteredAsset calls POST /unregisteredassets/unregistered-assets/","status":"passed","title":"createUnregisteredAsset calls POST /unregisteredassets/unregistered-assets/","duration":1.342400000001362,"failureMessages":[],"meta":{},"tags":[]},{"ancestorTitles":["unregisteredAssetAPI"],"fullName":"unregisteredAssetAPI updateUnregisteredAsset calls PUT /unregisteredassets/unregistered-assets/{code}/","status":"passed","title":"updateUnregisteredAsset calls PUT /unregisteredassets/unregistered-assets/{code}/","duration":1.8960000000006403,"failureMessages":[],"meta":{},"tags":[]},{"ancestorTitles":["unregisteredAssetAPI"],"fullName":"unregisteredAssetAPI deleteUnregisteredAsset calls DELETE /unregisteredassets/unregistered-assets/{code}/","status":"passed","title":"deleteUnregisteredAsset calls DELETE /unregisteredassets/unregistered-assets/{code}/","duration":0.6310999999986961,"failureMessages":[],"meta":{},"tags":[]},{"ancestorTitles":["unregisteredAssetAPI"],"fullName":"unregisteredAssetAPI batchDeleteUnregisteredAssets calls POST /unregisteredassets/unregistered-assets/batch-delete/","status":"passed","title":"batchDeleteUnregisteredAssets calls POST /unregisteredassets/unregistered-assets/batch-delete/","duration":1.9866999999976542,"failureMessages":[],"meta":{},"tags":[]},{"ancestorTitles":["unregisteredAssetAPI"],"fullName":"unregisteredAssetAPI approveUnregisteredAsset calls POST /unregisteredassets/unregistered-assets/{code}/approve/","status":"passed","title":"approveUnregisteredAsset calls POST /unregisteredassets/unregistered-assets/{code}/approve/","duration":0.7978000000002794,"failureMessages":[],"meta":{},"tags":[]}],"startTime":1784100333331,"endTime":1784100333376.7979,"status":"passed","message":"","name":"D:/CodeDemo/AssetManagementProgram/vue-assetmanagement/src/api/__tests__/unregisteredAsset.spec.ts"},{"assertionResults":[{"ancestorTitles":["userAPI"],"fullName":"userAPI getUserList calls GET /users/employees/","status":"passed","title":"getUserList calls GET /users/employees/","duration":22.68790000000081,"failureMessages":[],"meta":{},"tags":[]},{"ancestorTitles":["userAPI"],"fullName":"userAPI getFuzzySearch calls GET /users/employees/search/","status":"passed","title":"getFuzzySearch calls GET /users/employees/search/","duration":0.9137000000009721,"failureMessages":[],"meta":{},"tags":[]},{"ancestorTitles":["userAPI"],"fullName":"userAPI getUserByCode calls GET /users/employees/{code}/","status":"passed","title":"getUserByCode calls GET /users/employees/{code}/","duration":0.6169000000008964,"failureMessages":[],"meta":{},"tags":[]},{"ancestorTitles":["userAPI"],"fullName":"userAPI getUserByName calls GET /users/employees/search/ with keyword","status":"passed","title":"getUserByName calls GET /users/employees/search/ with keyword","duration":3.1718000000000757,"failureMessages":[],"meta":{},"tags":[]},{"ancestorTitles":["userAPI"],"fullName":"userAPI getUserActivity calls GET /users/employees/active_employees/","status":"passed","title":"getUserActivity calls GET /users/employees/active_employees/","duration":1.606999999999971,"failureMessages":[],"meta":{},"tags":[]},{"ancestorTitles":["userAPI"],"fullName":"userAPI createUser calls POST /users/employees/","status":"passed","title":"createUser calls POST /users/employees/","duration":0.5161000000007334,"failureMessages":[],"meta":{},"tags":[]},{"ancestorTitles":["userAPI"],"fullName":"userAPI updateUser calls PUT /users/employees/{code}/","status":"passed","title":"updateUser calls PUT /users/employees/{code}/","duration":0.5031999999991967,"failureMessages":[],"meta":{},"tags":[]},{"ancestorTitles":["userAPI"],"fullName":"userAPI updateUser throws when employee_jobcode is missing","status":"passed","title":"updateUser throws when employee_jobcode is missing","duration":2.1589999999996508,"failureMessages":[],"meta":{},"tags":[]},{"ancestorTitles":["userAPI"],"fullName":"userAPI deleteUser calls DELETE /users/employees/{code}/","status":"passed","title":"deleteUser calls DELETE /users/employees/{code}/","duration":0.6243999999969674,"failureMessages":[],"meta":{},"tags":[]},{"ancestorTitles":["userAPI"],"fullName":"userAPI batchDeleteUsers calls POST /users/employees/batch-delete/","status":"passed","title":"batchDeleteUsers calls POST /users/employees/batch-delete/","duration":1.9681000000018685,"failureMessages":[],"meta":{},"tags":[]},{"ancestorTitles":["userAPI"],"fullName":"userAPI batchCreateUsers calls POST /users/employees/batch-create/","status":"passed","title":"batchCreateUsers calls POST /users/employees/batch-create/","duration":2.887399999999616,"failureMessages":[],"meta":{},"tags":[]},{"ancestorTitles":["userAPI"],"fullName":"userAPI changeUserStatus calls POST /users/employees/{code}/change_status/","status":"passed","title":"changeUserStatus calls POST /users/employees/{code}/change_status/","duration":1.4566999999988184,"failureMessages":[],"meta":{},"tags":[]},{"ancestorTitles":["userAPI"],"fullName":"userAPI batchUpdateSort calls PUT /users/employees/sort/","status":"passed","title":"batchUpdateSort calls PUT /users/employees/sort/","duration":1.807200000002922,"failureMessages":[],"meta":{},"tags":[]},{"ancestorTitles":["userAPI"],"fullName":"userAPI getEmployeeDepartment calls GET /users/employees/{code}/department/","status":"passed","title":"getEmployeeDepartment calls GET /users/employees/{code}/department/","duration":0.6463000000003376,"failureMessages":[],"meta":{},"tags":[]}],"startTime":1784100313092,"endTime":1784100313133.6462,"status":"passed","message":"","name":"D:/CodeDemo/AssetManagementProgram/vue-assetmanagement/src/api/__tests__/user.spec.ts"},{"assertionResults":[{"ancestorTitles":["wasteAssetAPI"],"fullName":"wasteAssetAPI getWasteAssets calls GET /assets/waste-assets/","status":"passed","title":"getWasteAssets calls GET /assets/waste-assets/","duration":27.102899999998044,"failureMessages":[],"meta":{},"tags":[]},{"ancestorTitles":["wasteAssetAPI"],"fullName":"wasteAssetAPI getWasteAsset calls GET /assets/waste-assets/{code}/","status":"passed","title":"getWasteAsset calls GET /assets/waste-assets/{code}/","duration":2.4192000000002736,"failureMessages":[],"meta":{},"tags":[]},{"ancestorTitles":["wasteAssetAPI"],"fullName":"wasteAssetAPI createWasteAsset calls POST /assets/waste-assets/","status":"passed","title":"createWasteAsset calls POST /assets/waste-assets/","duration":0.8205999999991036,"failureMessages":[],"meta":{},"tags":[]},{"ancestorTitles":["wasteAssetAPI"],"fullName":"wasteAssetAPI updateWasteAsset calls PUT /assets/waste-assets/{code}/","status":"passed","title":"updateWasteAsset calls PUT /assets/waste-assets/{code}/","duration":0.6889999999984866,"failureMessages":[],"meta":{},"tags":[]},{"ancestorTitles":["wasteAssetAPI"],"fullName":"wasteAssetAPI deleteWasteAsset calls DELETE /assets/waste-assets/{code}/","status":"passed","title":"deleteWasteAsset calls DELETE /assets/waste-assets/{code}/","duration":1.3289999999979045,"failureMessages":[],"meta":{},"tags":[]},{"ancestorTitles":["wasteAssetAPI"],"fullName":"wasteAssetAPI batchDeleteWasteAssets calls POST /assets/waste-assets/batch-delete/","status":"passed","title":"batchDeleteWasteAssets calls POST /assets/waste-assets/batch-delete/","duration":0.9892999999974563,"failureMessages":[],"meta":{},"tags":[]},{"ancestorTitles":["wasteAssetAPI"],"fullName":"wasteAssetAPI getWasteAssetsByAsset calls GET /assets/waste-assets/by-asset/{code}/","status":"passed","title":"getWasteAssetsByAsset calls GET /assets/waste-assets/by-asset/{code}/","duration":0.9387000000024273,"failureMessages":[],"meta":{},"tags":[]},{"ancestorTitles":["wasteAssetAPI"],"fullName":"wasteAssetAPI getWasteAssetStatistics calls GET /assets/waste-assets/statistics/","status":"passed","title":"getWasteAssetStatistics calls GET /assets/waste-assets/statistics/","duration":0.5883000000030734,"failureMessages":[],"meta":{},"tags":[]},{"ancestorTitles":["wasteAssetAPI"],"fullName":"wasteAssetAPI getWasteAssetsByDateRange calls GET /assets/waste-assets/by-date-range/","status":"passed","title":"getWasteAssetsByDateRange calls GET /assets/waste-assets/by-date-range/","duration":0.9188000000031025,"failureMessages":[],"meta":{},"tags":[]}],"startTime":1784100333281,"endTime":1784100333316.9187,"status":"passed","message":"","name":"D:/CodeDemo/AssetManagementProgram/vue-assetmanagement/src/api/__tests__/wasteAsset.spec.ts"},{"assertionResults":[{"ancestorTitles":["Router Guards","beforeEach guard"],"fullName":"Router Guards beforeEach guard should redirect to /login when user is not authenticated","status":"passed","title":"should redirect to /login when user is not authenticated","duration":5.190299999998388,"failureMessages":[],"meta":{},"tags":[]},{"ancestorTitles":["Router Guards","beforeEach guard"],"fullName":"Router Guards beforeEach guard should allow access to whitelist pages","status":"passed","title":"should allow access to whitelist pages","duration":0.9498999999996158,"failureMessages":[],"meta":{},"tags":[]},{"ancestorTitles":["Router Guards","beforeEach guard"],"fullName":"Router Guards beforeEach guard should redirect authenticated user from /login to /main","status":"passed","title":"should redirect authenticated user from /login to /main","duration":0.7856999999967229,"failureMessages":[],"meta":{},"tags":[]},{"ancestorTitles":["Router Guards","beforeEach guard"],"fullName":"Router Guards beforeEach guard should allow access to pages with requiresAuth: false","status":"passed","title":"should allow access to pages with requiresAuth: false","duration":0.7368999999998778,"failureMessages":[],"meta":{},"tags":[]},{"ancestorTitles":["Router Guards","beforeEach guard"],"fullName":"Router Guards beforeEach guard should deny admin routes for regular users","status":"passed","title":"should deny admin routes for regular users","duration":4.133200000000215,"failureMessages":[],"meta":{},"tags":[]},{"ancestorTitles":["Router Guards","beforeEach guard"],"fullName":"Router Guards beforeEach guard should allow admin access to admin routes","status":"passed","title":"should allow admin access to admin routes","duration":0.7096999999994296,"failureMessages":[],"meta":{},"tags":[]},{"ancestorTitles":["Router Guards","beforeEach guard"],"fullName":"Router Guards beforeEach guard should init auth state when authInfo is null","status":"passed","title":"should init auth state when authInfo is null","duration":0.8364999999976135,"failureMessages":[],"meta":{},"tags":[]},{"ancestorTitles":["Router Guards","beforeEach guard"],"fullName":"Router Guards beforeEach guard should silentLogout on token verification failure","status":"passed","title":"should silentLogout on token verification failure","duration":13.685300000001007,"failureMessages":[],"meta":{},"tags":[]},{"ancestorTitles":["Router Guards","afterEach hook"],"fullName":"Router Guards afterEach hook should set page title from route meta","status":"passed","title":"should set page title from route meta","duration":1.4232000000010885,"failureMessages":[],"meta":{},"tags":[]},{"ancestorTitles":["Router Guards","afterEach hook"],"fullName":"Router Guards afterEach hook should generate breadcrumbs","status":"passed","title":"should generate breadcrumbs","duration":0.8073000000003958,"failureMessages":[],"meta":{},"tags":[]},{"ancestorTitles":["Router Guards","afterEach hook"],"fullName":"Router Guards afterEach hook should disable loading after navigation","status":"passed","title":"should disable loading after navigation","duration":0.7788000000000466,"failureMessages":[],"meta":{},"tags":[]},{"ancestorTitles":["Router Guards","roleWhitelist — system_admin only routes"],"fullName":"Router Guards roleWhitelist — system_admin only routes should allow system_admin on /main/assettypedetails","status":"passed","title":"should allow system_admin on /main/assettypedetails","duration":0.7885000000023865,"failureMessages":[],"meta":{},"tags":[]},{"ancestorTitles":["Router Guards","roleWhitelist — system_admin only routes"],"fullName":"Router Guards roleWhitelist — system_admin only routes should allow system_admin on /main/storagedetails","status":"passed","title":"should allow system_admin on /main/storagedetails","duration":0.3485000000000582,"failureMessages":[],"meta":{},"tags":[]},{"ancestorTitles":["Router Guards","roleWhitelist — system_admin only routes"],"fullName":"Router Guards roleWhitelist — system_admin only routes should allow system_admin on /main/contractdetails","status":"passed","title":"should allow system_admin on /main/contractdetails","duration":0.2790999999997439,"failureMessages":[],"meta":{},"tags":[]},{"ancestorTitles":["Router Guards","roleWhitelist — system_admin only routes"],"fullName":"Router Guards roleWhitelist — system_admin only routes should allow system_admin on /main/userdetails","status":"passed","title":"should allow system_admin on /main/userdetails","duration":0.19800000000032014,"failureMessages":[],"meta":{},"tags":[]},{"ancestorTitles":["Router Guards","roleWhitelist — system_admin only routes"],"fullName":"Router Guards roleWhitelist — system_admin only routes should allow system_admin on /main/departmentdetails","status":"passed","title":"should allow system_admin on /main/departmentdetails","duration":0.2544999999990978,"failureMessages":[],"meta":{},"tags":[]},{"ancestorTitles":["Router Guards","roleWhitelist — system_admin only routes"],"fullName":"Router Guards roleWhitelist — system_admin only routes should allow system_admin on /main/system","status":"passed","title":"should allow system_admin on /main/system","duration":0.4985000000015134,"failureMessages":[],"meta":{},"tags":[]},{"ancestorTitles":["Router Guards","roleWhitelist — system_admin only routes"],"fullName":"Router Guards roleWhitelist — system_admin only routes should deny regular_user on /main/assettypedetails","status":"passed","title":"should deny regular_user on /main/assettypedetails","duration":0.8206000000027416,"failureMessages":[],"meta":{},"tags":[]},{"ancestorTitles":["Router Guards","roleWhitelist — system_admin only routes"],"fullName":"Router Guards roleWhitelist — system_admin only routes should deny regular_user on /main/userdetails","status":"passed","title":"should deny regular_user on /main/userdetails","duration":0.3842999999978929,"failureMessages":[],"meta":{},"tags":[]},{"ancestorTitles":["Router Guards","roleWhitelist — system_admin only routes"],"fullName":"Router Guards roleWhitelist — system_admin only routes should deny regular_user on /main/departmentdetails","status":"passed","title":"should deny regular_user on /main/departmentdetails","duration":0.3754999999982829,"failureMessages":[],"meta":{},"tags":[]},{"ancestorTitles":["Router Guards","roleWhitelist — dept_manager + system_admin routes"],"fullName":"Router Guards roleWhitelist — dept_manager + system_admin routes should allow dept_manager on /main/damagedassetdetails","status":"passed","title":"should allow dept_manager on /main/damagedassetdetails","duration":0.5069999999977881,"failureMessages":[],"meta":{},"tags":[]},{"ancestorTitles":["Router Guards","roleWhitelist — dept_manager + system_admin routes"],"fullName":"Router Guards roleWhitelist — dept_manager + system_admin routes should allow dept_manager on /main/damagedassetbasicdetails","status":"passed","title":"should allow dept_manager on /main/damagedassetbasicdetails","duration":0.34979999999995925,"failureMessages":[],"meta":{},"tags":[]},{"ancestorTitles":["Router Guards","roleWhitelist — dept_manager + system_admin routes"],"fullName":"Router Guards roleWhitelist — dept_manager + system_admin routes should allow dept_manager on /main/unregisteredassetdetails","status":"passed","title":"should allow dept_manager on /main/unregisteredassetdetails","duration":0.28369999999995343,"failureMessages":[],"meta":{},"tags":[]},{"ancestorTitles":["Router Guards","roleWhitelist — dept_manager + system_admin routes"],"fullName":"Router Guards roleWhitelist — dept_manager + system_admin routes should allow dept_manager on /main/unregisteredassetbasicdetails","status":"passed","title":"should allow dept_manager on /main/unregisteredassetbasicdetails","duration":0.32779999999911524,"failureMessages":[],"meta":{},"tags":[]},{"ancestorTitles":["Router Guards","roleWhitelist — dept_manager + system_ad
[...]
nfinity":20,"s:93:21:93:Infinity":21,"s:94:39:94:41":22,"s:96:2:110:Infinity":23,"s:96:15:96:18":24,"s:97:18:97:50":25,"s:98:21:109:Infinity":26,"f:98:31:98:38":4,"s:99:6:107:Infinity":27,"s:101:8:101:Infinity":28,"s:102:8:102:Infinity":29,"s:104:25:104:51":30,"s:105:24:105:58":31,"b:105:31:105:48:105:48:105:58":14,"s:106:8:106:Infinity":32,"s:107:8:107:Infinity":33,"s:110:4:110:Infinity":34,"s:113:2:113:Infinity":35},"fnNames":{}}},"D:\\CodeDemo\\AssetManagementProgram\\vue-assetmanagement\\src\\main.ts":{"path":"D:\\CodeDemo\\AssetManagementProgram\\vue-assetmanagement\\src\\main.ts","statementMap":{"0":{"start":{"line":32,"column":6},"end":{"line":32,"column":26}},"1":{"start":{"line":35,"column":0},"end":{"line":35,"column":null}},"2":{"start":{"line":38,"column":0},"end":{"line":38,"column":null}},"3":{"start":{"line":41,"column":0},"end":{"line":41,"column":null}},"4":{"start":{"line":44,"column":0},"end":{"line":44,"column":null}}},"fnMap":{},"branchMap":{},"s":{"0":0,"1":0,"2":0,"3":0,"4":0},"f":{},"b":{},"meta":{"lastBranch":0,"lastFunction":0,"lastStatement":5,"seen":{"s:32:6:32:26":0,"s:35:0:35:Infinity":1,"s:38:0:38:Infinity":2,"s:41:0:41:Infinity":3,"s:44:0:44:Infinity":4},"fnNames":{}}},"D:\\CodeDemo\\AssetManagementProgram\\vue-assetmanagement\\src\\utils\\AuditLog.ts":{"path":"D:\\CodeDemo\\AssetManagementProgram\\vue-assetmanagement\\src\\utils\\AuditLog.ts","statementMap":{},"fnMap":{},"branchMap":{},"s":{},"f":{},"b":{},"meta":{"lastBranch":0,"lastFunction":0,"lastStatement":0,"seen":{},"fnNames":{}}},"D:\\CodeDemo\\AssetManagementProgram\\vue-assetmanagement\\src\\utils\\DamagedAsset.ts":{"path":"D:\\CodeDemo\\AssetManagementProgram\\vue-assetmanagement\\src\\utils\\DamagedAsset.ts","statementMap":{},"fnMap":{},"branchMap":{},"s":{},"f":{},"b":{},"meta":{"lastBranch":0,"lastFunction":0,"lastStatement":0,"seen":{},"fnNames":{}}},"D:\\CodeDemo\\AssetManagementProgram\\vue-assetmanagement\\src\\composables\\useAssetListConfig.ts":{"path":"D:\\CodeDemo\\AssetManagementProgram\\vue-assetmanagement\\src\\composables\\useAssetListConfig.ts","statementMap":{"0":{"start":{"line":16,"column":8},"end":{"line":16,"column":36}},"1":{"start":{"line":19,"column":44},"end":{"line":40,"column":null}},"2":{"start":{"line":28,"column":73},"end":{"line":28,"column":91}},"3":{"start":{"line":35,"column":82},"end":{"line":35,"column":100}},"4":{"start":{"line":43,"column":59},"end":{"line":99,"column":null}},"5":{"start":{"line":46,"column":25},"end":{"line":46,"column":57}},"6":{"start":{"line":47,"column":8},"end":{"line":52,"column":null}},"7":{"start":{"line":56,"column":21},"end":{"line":56,"column":null}},"8":{"start":{"line":57,"column":34},"end":{"line":57,"column":null}},"9":{"start":{"line":60,"column":21},"end":{"line":60,"column":null}},"10":{"start":{"line":61,"column":34},"end":{"line":61,"column":null}},"11":{"start":{"line":64,"column":21},"end":{"line":64,"column":null}},"12":{"start":{"line":65,"column":34},"end":{"line":65,"column":null}},"13":{"start":{"line":68,"column":27},"end":{"line":68,"column":43}},"14":{"start":{"line":69,"column":30},"end":{"line":69,"column":49}},"15":{"start":{"line":70,"column":34},"end":{"line":70,"column":57}},"16":{"start":{"line":71,"column":41},"end":{"line":71,"column":null}},"17":{"start":{"line":75,"column":25},"end":{"line":75,"column":84}},"18":{"start":{"line":76,"column":8},"end":{"line":79,"column":null}},"19":{"start":{"line":86,"column":25},"end":{"line":86,"column":87}},"20":{"start":{"line":87,"column":8},"end":{"line":90,"column":null}},"21":{"start":{"line":102,"column":53},"end":{"line":122,"column":null}},"22":{"start":{"line":108,"column":88},"end":{"line":108,"column":106}},"23":{"start":{"line":124,"column":2},"end":{"line":129,"column":null}}},"fnMap":{"0":{"name":"useAssetListConfig","decl":{"start":{"line":15,"column":16},"end":{"line":15,"column":37}},"loc":{"start":{"line":15,"column":37},"end":{"line":129,"column":null}},"line":15},"1":{"name":"(anonymous_1)","decl":{"start":{"line":28,"column":48},"end":{"line":28,"column":53}},"loc":{"start":{"line":28,"column":73},"end":{"line":28,"column":91}},"line":28},"2":{"name":"(anonymous_2)","decl":{"start":{"line":35,"column":57},"end":{"line":35,"column":62}},"loc":{"start":{"line":35,"column":82},"end":{"line":35,"column":100}},"line":35},"3":{"name":"(anonymous_3)","decl":{"start":{"line":45,"column":15},"end":{"line":45,"column":22}},"loc":{"start":{"line":45,"column":33},"end":{"line":52,"column":null}},"line":45},"4":{"name":"(anonymous_4)","decl":{"start":{"line":56,"column":10},"end":{"line":56,"column":21}},"loc":{"start":{"line":56,"column":21},"end":{"line":56,"column":null}},"line":56},"5":{"name":"(anonymous_5)","decl":{"start":{"line":57,"column":10},"end":{"line":57,"column":16}},"loc":{"start":{"line":57,"column":32},"end":{"line":57,"column":null}},"line":57},"6":{"name":"(anonymous_6)","decl":{"start":{"line":60,"column":10},"end":{"line":60,"column":21}},"loc":{"start":{"line":60,"column":21},"end":{"line":60,"column":null}},"line":60},"7":{"name":"(anonymous_7)","decl":{"start":{"line":61,"column":10},"end":{"line":61,"column":16}},"loc":{"start":{"line":61,"column":32},"end":{"line":61,"column":null}},"line":61},"8":{"name":"(anonymous_8)","decl":{"start":{"line":64,"column":10},"end":{"line":64,"column":21}},"loc":{"start":{"line":64,"column":21},"end":{"line":64,"column":null}},"line":64},"9":{"name":"(anonymous_9)","decl":{"start":{"line":65,"column":10},"end":{"line":65,"column":16}},"loc":{"start":{"line":65,"column":32},"end":{"line":65,"column":null}},"line":65},"10":{"name":"(anonymous_10)","decl":{"start":{"line":68,"column":12},"end":{"line":68,"column":27}},"loc":{"start":{"line":68,"column":27},"end":{"line":68,"column":43}},"line":68},"11":{"name":"(anonymous_11)","decl":{"start":{"line":69,"column":15},"end":{"line":69,"column":30}},"loc":{"start":{"line":69,"column":30},"end":{"line":69,"column":49}},"line":69},"12":{"name":"(anonymous_12)","decl":{"start":{"line":70,"column":19},"end":{"line":70,"column":34}},"loc":{"start":{"line":70,"column":34},"end":{"line":70,"column":57}},"line":70},"13":{"name":"(anonymous_13)","decl":{"start":{"line":71,"column":6},"end":{"line":71,"column":23}},"loc":{"start":{"line":71,"column":41},"end":{"line":71,"column":null}},"line":71},"14":{"name":"(anonymous_14)","decl":{"start":{"line":74,"column":21},"end":{"line":74,"column":28}},"loc":{"start":{"line":74,"column":81},"end":{"line":79,"column":null}},"line":74},"15":{"name":"(anonymous_15)","decl":{"start":{"line":81,"column":31},"end":{"line":81,"column":null}},"loc":{"start":{"line":85,"column":11},"end":{"line":90,"column":null}},"line":85},"16":{"name":"(anonymous_16)","decl":{"start":{"line":108,"column":61},"end":{"line":108,"column":73}},"loc":{"start":{"line":108,"column":88},"end":{"line":108,"column":106}},"line":108}},"branchMap":{"0":{"loc":{"start":{"line":108,"column":95},"end":{"line":108,"column":106}},"type":"binary-expr","locations":[{"start":{"line":108,"column":95},"end":{"line":108,"column":100}},{"start":{"line":108,"column":100},"end":{"line":108,"column":106}}],"line":108}},"s":{"0":0,"1":0,"2":0,"3":0,"4":0,"5":0,"6":0,"7":0,"8":0,"9":0,"10":0,"11":0,"12":0,"13":0,"14":0,"15":0,"16":0,"17":0,"18":0,"19":0,"20":0,"21":0,"22":0,"23":0},"f":{"0":0,"1":0,"2":0,"3":0,"4":0,"5":0,"6":0,"7":0,"8":0,"9":0,"10":0,"11":0,"12":0,"13":0,"14":0,"15":0,"16":0},"b":{"0":[0,0]},"meta":{"lastBranch":1,"lastFunction":17,"lastStatement":24,"seen":{"f:15:16:15:37":0,"s:16:8:16:36":0,"s:19:44:40:Infinity":1,"f:28:48:28:53":1,"s:28:73:28:91":2,"f:35:57:35:62":2,"s:35:82:35:100":3,"s:43:59:99:Infinity":4,"f:45:15:45:22":3,"s:46:25:46:57":5,"s:47:8:52:Infinity":6,"f:56:10:56:21":4,"s:56:21:56:Infinity":7,"f:57:10:57:16":5,"s:57:34:57:Infinity":8,"f:60:10:60:21":6,"s:60:21:60:Infinity":9,"f:61:10:61:16":7,"s:61:34:61:Infinity":10,"f:64:10:64:21":8,"s:64:21:64:Infinity":11,"f:65:10:65:16":9,"s:65:34:65:Infinity":12,"f:68:12:68:27":10,"s:68:27:68:43":13,"f:69:15:69:30":11,"s:69:30:69:49":14,"f:70:19:70:34":12,"s:70:34:70:57":15,"f:71:6:71:23":13,"s:71:41:71:Infinity":16,"f:74:21:74:28":14,"s:75:25:75:84":17,"s:76:8:79:Infinity":18,"f:81:31:81:Infinity":15,"s:86:25:86:87":19,"s:87:8:90:Infinity":20,"s:102:53:122:Infinity":21,"f:108:61:108:73":16,"s:108:88:108:106":22,"b:108:95:108:100:108:100:108:106":0,"s:124:2:129:Infinity":23},"fnNames":{}}},"D:\\CodeDemo\\AssetManagementProgram\\vue-assetmanagement\\src\\utils\\BrokenAsset.ts":{"path":"D:\\CodeDemo\\AssetManagementProgram\\vue-assetmanagement\\src\\utils\\BrokenAsset.ts","statementMap":{},"fnMap":{},"branchMap":{},"s":{},"f":{},"b":{},"meta":{"lastBranch":0,"lastFunction":0,"lastStatement":0,"seen":{},"fnNames":{}}},"D:\\CodeDemo\\AssetManagementProgram\\vue-assetmanagement\\src\\composables\\useExportableAssets.ts":{"path":"D:\\CodeDemo\\AssetManagementProgram\\vue-assetmanagement\\src\\composables\\useExportableAssets.ts","statementMap":{"0":{"start":{"line":11,"column":8},"end":{"line":11,"column":43}},"1":{"start":{"line":12,"column":8},"end":{"line":12,"column":28}},"2":{"start":{"line":13,"column":8},"end":{"line":13,"column":22}},"3":{"start":{"line":14,"column":8},"end":{"line":14,"column":28}},"4":{"start":{"line":15,"column":8},"end":{"line":15,"column":26}},"5":{"start":{"line":17,"column":52},"end":{"line":17,"column":54}},"6":{"start":{"line":19,"column":20},"end":{"line":33,"column":null}},"7":{"start":{"line":20,"column":4},"end":{"line":20,"column":null}},"8":{"start":{"line":21,"column":4},"end":{"line":33,"column":null}},"9":{"start":{"line":22,"column":21},"end":{"line":22,"column":null}},"10":{"start":{"line":23,"column":48},"end":{"line":23,"column":93}},"11":{"start":{"line":24,"column":6},"end":{"line":24,"column":null}},"12":{"start":{"line":25,"column":6},"end":{"line":25,"column":null}},"13":{"start":{"line":26,"column":6},"end":{"line":26,"column":null}},"14":{"start":{"line":28,"column":6},"end":{"line":28,"column":null}},"15":{"start":{"line":29,"column":6},"end":{"line":29,"column":null}},"16":{"start":{"line":30,"column":6},"end":{"line":30,"column":null}},"17":{"start":{"line":31,"column":6},"end":{"line":31,"column":null}},"18":{"start":{"line":33,"column":6},"end":{"line":33,"column":null}},"19":{"start":{"line":37,"column":17},"end":{"line":39,"column":null}},"20":{"start":{"line":38,"column":4},"end":{"line":38,"column":null}},"21":{"start":{"line":38,"column":30},"end":{"line":38,"column":null}},"22":{"start":{"line":39,"column":4},"end":{"line":39,"column":null}},"23":{"start":{"line":42,"column":21},"end":{"line":44,"column":null}},"24":{"start":{"line":43,"column":4},"end":{"line":43,"column":null}},"25":{"start":{"line":43,"column":36},"end":{"line":43,"column":null}},"26":{"start":{"line":44,"column":4},"end":{"line":44,"column":null}},"27":{"start":{"line":47,"column":8},"end":{"line":51,"column":null}},"28":{"start":{"line":48,"column":4},"end":{"line":48,"column":null}},"29":{"start":{"line":49,"column":4},"end":{"line":49,"column":null}},"30":{"start":{"line":50,"column":4},"end":{"line":50,"column":null}},"31":{"start":{"line":51,"column":4},"end":{"line":51,"column":null}},"32":{"start":{"line":54,"column":2},"end":{"line":54,"column":null}}},"fnMap":{"0":{"name":"useExportableAssets","decl":{"start":{"line":10,"column":16},"end":{"line":10,"column":38}},"loc":{"start":{"line":10,"column":38},"end":{"line":54,"column":null}},"line":10},"1":{"name":"(anonymous_1)","decl":{"start":{"line":19,"column":20},"end":{"line":19,"column":27}},"loc":{"start":{"line":19,"column":90},"end":{"line":33,"column":null}},"line":19},"2":{"name":"(anonymous_2)","decl":{"start":{"line":37,"column":17},"end":{"line":37,"column":24}},"loc":{"start":{"line":37,"column":69},"end":{"line":39,"column":null}},"line":37},"3":{"name":"(anonymous_3)","decl":{"start":{"line":42,"column":21},"end":{"line":42,"column":28}},"loc":{"start":{"line":42,"column":45},"end":{"line":44,"column":null}},"line":42},"4":{"name":"(anonymous_4)","decl":{"start":{"line":47,"column":8},"end":{"line":47,"column":22}},"loc":{"start":{"line":47,"column":22},"end":{"line":51,"column":null}},"line":47}},"branchMap":{"0":{"loc":{"start":{"line":38,"column":4},"end":{"line":38,"column":null}},"type":"if","locations":[{"start":{"line":38,"column":4},"end":{"line":38,"column":null}},{"start":{},"end":{}}],"line":38},"1":{"loc":{"start":{"line":43,"column":4},"end":{"line":43,"column":null}},"type":"if","locations":[{"start":{"line":43,"column":4},"end":{"line":43,"column":null}},{"start":{},"end":{}}],"line":43}},"s":{"0":0,"1":0,"2":0,"3":0,"4":0,"5":0,"6":0,"7":0,"8":0,"9":0,"10":0,"11":0,"12":0,"13":0,"14":0,"15":0,"16":0,"17":0,"18":0,"19":0,"20":0,"21":0,"22":0,"23":0,"24":0,"25":0,"26":0,"27":0,"28":0,"29":0,"30":0,"31":0,"32":0},"f":{"0":0,"1":0,"2":0,"3":0,"4":0},"b":{"0":[0,0],"1":[0,0]},"meta":{"lastBranch":2,"lastFunction":5,"lastStatement":33,"seen":{"f:10:16:10:38":0,"s:11:8:11:43":0,"s:12:8:12:28":1,"s:13:8:13:22":2,"s:14:8:14:28":3,"s:15:8:15:26":4,"s:17:52:17:54":5,"s:19:20:33:Infinity":6,"f:19:20:19:27":1,"s:20:4:20:Infinity":7,"s:21:4:33:Infinity":8,"s:22:21:22:Infinity":9,"s:23:48:23:93":10,"s:24:6:24:Infinity":11,"s:25:6:25:Infinity":12,"s:26:6:26:Infinity":13,"s:28:6:28:Infinity":14,"s:29:6:29:Infinity":15,"s:30:6:30:Infinity":16,"s:31:6:31:Infinity":17,"s:33:6:33:Infinity":18,"s:37:17:39:Infinity":19,"f:37:17:37:24":2,"b:38:4:38:Infinity:undefined:undefined:undefined:undefined":0,"s:38:4:38:Infinity":20,"s:38:30:38:Infinity":21,"s:39:4:39:Infinity":22,"s:42:21:44:Infinity":23,"f:42:21:42:28":3,"b:43:4:43:Infinity:undefined:undefined:undefined:undefined":1,"s:43:4:43:Infinity":24,"s:43:36:43:Infinity":25,"s:44:4:44:Infinity":26,"s:47:8:51:Infinity":27,"f:47:8:47:22":4,"s:48:4:48:Infinity":28,"s:49:4:49:Infinity":29,"s:50:4:50:Infinity":30,"s:51:4:51:Infinity":31,"s:54:2:54:Infinity":32},"fnNames":{}}},"D:\\CodeDemo\\AssetManagementProgram\\vue-assetmanagement\\src\\utils\\LostAsset.ts":{"path":"D:\\CodeDemo\\AssetManagementProgram\\vue-assetmanagement\\src\\utils\\LostAsset.ts","statementMap":{},"fnMap":{},"branchMap":{},"s":{},"f":{},"b":{},"meta":{"lastBranch":0,"lastFunction":0,"lastStatement":0,"seen":{},"fnNames":{}}},"D:\\CodeDemo\\AssetManagementProgram\\vue-assetmanagement\\src\\utils\\Asset.ts":{"path":"D:\\CodeDemo\\AssetManagementProgram\\vue-assetmanagement\\src\\utils\\Asset.ts","statementMap":{},"fnMap":{},"branchMap":{},"s":{},"f":{},"b":{},"meta":{"lastBranch":0,"lastFunction":0,"lastStatement":0,"seen":{},"fnNames":{}}},"D:\\CodeDemo\\AssetManagementProgram\\vue-assetmanagement\\src\\utils\\AuthUser.ts":{"path":"D:\\CodeDemo\\AssetManagementProgram\\vue-assetmanagement\\src\\utils\\AuthUser.ts","statementMap":{},"fnMap":{},"branchMap":{},"s":{},"f":{},"b":{},"meta":{"lastBranch":0,"lastFunction":0,"lastStatement":0,"seen":{},"fnNames":{}}},"D:\\CodeDemo\\AssetManagementProgram\\vue-assetmanagement\\src\\utils\\Department.ts":{"path":"D:\\CodeDemo\\AssetManagementProgram\\vue-assetmanagement\\src\\utils\\Department.ts","statementMap":{},"fnMap":{},"branchMap":{},"s":{},"f":{},"b":{},"meta":{"lastBranch":0,"lastFunction":0,"lastStatement":0,"seen":{},"fnNames":{}}},"D:\\CodeDemo\\AssetManagementProgram\\vue-assetmanagement\\src\\utils\\FoundAsset.ts":{"path":"D:\\CodeDemo\\AssetManagementProgram\\vue-assetmanagement\\src\\utils\\FoundAsset.ts","statementMap":{},"fnMap":{},"branchMap":{},"s":{},"f":{},"b":{},"meta":{"lastBranch":0,"lastFunction":0,"lastStatement":0,"seen":{},"fnNames":{}}},"D:\\CodeDemo\\AssetManagementProgram\\vue-assetmanagement\\src\\utils\\HardDiskSN.ts":{"path":"D:\\CodeDemo\\AssetManagementProgram\\vue-assetmanagement\\src\\utils\\HardDiskSN.ts","statementMap":{},"fnMap":{},"branchMap":{},"s":{},"f":{},"b":{},"meta":{"lastBranch":0,"lastFunction":0,"lastStatement":0,"seen":{},"fnNames":{}}},"D:\\CodeDemo\\AssetManagementProgram\\vue-assetmanagement\\src\\utils\\Contract.ts":{"path":"D:\\CodeDemo\\AssetManagementProgram\\vue-assetmanagement\\src\\utils\\Contract.ts","statementMap":{},"fnMap":{},"branchMap":{},"s":{},"f":{},"b":{},"meta":{"lastBranch":0,"lastFunction":0,"lastStatement":0,"seen":{},"fnNames":{}}},"D:\\CodeDemo\\AssetManagementProgram\\vue-assetmanagement\\src\\utils\\OperationLog.ts":{"path":"D:\\CodeDemo\\AssetManagementProgram\\vue-assetmanagement\\src\\utils\\OperationLog.ts","statementMap":{},"fnMap":{},"branchMap":{},"s":{},"f":{},"b":{},"meta":{"lastBranch":0,"lastFunction":0,"lastStatement":0,"seen":{},"fnNames":{}}},"D:\\CodeDemo\\AssetManagementProgram\\vue-assetmanagement\\src\\utils\\AssetType.ts":{"path":"D:\\CodeDemo\\AssetManagementProgram\\vue-assetmanagement\\src\\utils\\AssetType.ts","statementMap":{},"fnMap":{},"branchMap":{},"s":{},"f":{},"b":{},"meta":{"lastBranch":0,"lastFunction":0,"lastStatement":0,"seen":{},"fnNames":{}}},"D:\\CodeDemo\\AssetManagementProgram\\vue-assetmanagement\\src\\api\\index.ts":{"path":"D:\\CodeDemo\\AssetManagementProgram\\vue-assetmanagement\\src\\api\\index.ts","statementMap":{"0":{"start":{"line":16,"column":23},"end":{"line":22,"column":null}}},"fnMap":{},"branchMap":{},"s":{"0":0},"f":{},"b":{},"meta":{"lastBranch":0,"lastFunction":0,"lastStatement":1,"seen":{"s:16:23:22:Infinity":0},"fnNames":{}}},"D:\\CodeDemo\\AssetManagementProgram\\vue-assetmanagement\\src\\utils\\OutAsset.ts":{"path":"D:\\CodeDemo\\AssetManagementProgram\\vue-assetmanagement\\src\\utils\\OutAsset.ts","statementMap":{},"fnMap":{},"branchMap":{},"s":{},"f":{},"b":{},"meta":{"lastBranch":0,"lastFunction":0,"lastStatement":0,"seen":{},"fnNames":{}}},"D:\\CodeDemo\\AssetManagementProgram\\vue-assetmanagement\\src\\utils\\batchImport\\types.ts":{"path":"D:\\CodeDemo\\AssetManagementProgram\\vue-assetmanagement\\src\\utils\\batchImport\\types.ts","statementMap":{},"fnMap":{},"branchMap":{},"s":{},"f":{},"b":{},"meta":{"lastBranch":0,"lastFunction":0,"lastStatement":0,"seen":{},"fnNames":{}}},"D:\\CodeDemo\\AssetManagementProgram\\vue-assetmanagement\\src\\utils\\Storage.ts":{"path":"D:\\CodeDemo\\AssetManagementProgram\\vue-assetmanagement\\src\\utils\\Storage.ts","statementMap":{},"fnMap":{},"branchMap":{},"s":{},"f":{},"b":{},"meta":{"lastBranch":0,"lastFunction":0,"lastStatement":0,"seen":{},"fnNames":{}}},"D:\\CodeDemo\\AssetManagementProgram\\vue-assetmanagement\\src\\utils\\UnregisteredAsset.ts":{"path":"D:\\CodeDemo\\AssetManagementProgram\\vue-assetmanagement\\src\\utils\\UnregisteredAsset.ts","statementMap":{},"fnMap":{},"branchMap":{},"s":{},"f":{},"b":{},"meta":{"lastBranch":0,"lastFunction":0,"lastStatement":0,"seen":{},"fnNames":{}}},"D:\\CodeDemo\\AssetManagementProgram\\vue-assetmanagement\\src\\utils\\RepairAsset.ts":{"path":"D:\\CodeDemo\\AssetManagementProgram\\vue-assetmanagement\\src\\utils\\RepairAsset.ts","statementMap":{},"fnMap":{},"branchMap":{},"s":{},"f":{},"b":{},"meta":{"lastBranch":0,"lastFunction":0,"lastStatement":0,"seen":{},"fnNames":{}}},"D:\\CodeDemo\\AssetManagementProgram\\vue-assetmanagement\\src\\utils\\WasteAsset.ts":{"path":"D:\\CodeDemo\\AssetManagementProgram\\vue-assetmanagement\\src\\utils\\WasteAsset.ts","statementMap":{},"fnMap":{},"branchMap":{},"s":{},"f":{},"b":{},"meta":{"lastBranch":0,"lastFunction":0,"lastStatement":0,"seen":{},"fnNames":{}}},"D:\\CodeDemo\\AssetManagementProgram\\vue-assetmanagement\\src\\utils\\RecycleAsset.ts":{"path":"D:\\CodeDemo\\AssetManagementProgram\\vue-assetmanagement\\src\\utils\\RecycleAsset.ts","statementMap":{},"fnMap":{},"branchMap":{},"s":{},"f":{},"b":{},"meta":{"lastBranch":0,"lastFunction":0,"lastStatement":0,"seen":{},"fnNames":{}}},"D:\\CodeDemo\\AssetManagementProgram\\vue-assetmanagement\\src\\stores\\index.ts":{"path":"D:\\CodeDemo\\AssetManagementProgram\\vue-assetmanagement\\src\\stores\\index.ts","statementMap":{},"fnMap":{},"branchMap":{},"s":{},"f":{},"b":{},"meta":{"lastBranch":0,"lastFunction":0,"lastStatement":0,"seen":{},"fnNames":{}}}}}